2017-05-14 21:49:58.523  INFO 23960 --- [taskScheduler-3] c.g.c.s.l.s.impl.support.LianjiaWebUtil  : area=dongguanzhuang size : 0
2017-05-14 21:49:58.534  INFO 23960 --- [taskScheduler-4] c.g.c.s.lianjiadb.common.MyHttpClient    : remove available HttpProxyConfigs :{"host":"","id":1,"password":"","port":0,"status":0,"type":0,"username":""}
2017-05-14 21:49:58.535  INFO 23960 --- [taskScheduler-4] c.g.c.s.lianjiadb.common.MyHttpClient    : set myhttpclient not available....
2017-05-14 21:49:58.536  INFO 23960 --- [taskScheduler-4] c.g.c.s.l.timetask.GenLogTimeTask        : 开始执行 GenLogTimeTask...
2017-05-14 21:49:58.538  INFO 23960 --- [taskScheduler-4] c.g.c.s.l.timetask.GenLogTimeTask        :  GenLogTimeTask finished................
2017-05-14 21:49:58.837  INFO 23960 --- [taskScheduler-1] c.g.c.s.l.service.ProcessService         : house title is null {"cartcount":0,"code":"GZ0002276620","favcount":0,"roomSize":0,"url":"http://gz.lianjia.com/ershoufang/GZ0002276620.html"}
2017-05-14 21:50:00.353  INFO 23960 --- [taskScheduler-3] c.g.c.s.lianjiadb.common.MyHttpClient    : set myhttpclient not available....
2017-05-14 21:50:15.119  WARN 23960 --- [Hikari housekeeper (pool HikariPool-0)] com.zaxxer.hikari.pool.HikariPool        : HikariPool-0 - Unusual system clock change detected, soft-evicting connections from pool.
2017-05-14 21:53:13.584  INFO 23960 --- [taskScheduler-2] c.g.c.s.lianjiadb.common.MyHttpClient    : set myhttpclient not available....
2017-05-14 21:54:00.004  INFO 23960 --- [taskScheduler-1] c.g.c.s.lianjiadb.common.MyHttpClient    : set myhttpclient not available....
2017-05-14 21:55:00.007  INFO 23960 --- [taskScheduler-1] c.g.c.s.lianjiadb.common.MyHttpClient    : set myhttpclient not available....
2017-05-14 21:56:00.009  INFO 23960 --- [taskScheduler-3] c.g.c.s.lianjiadb.common.MyHttpClient    : set myhttpclient not available....
2017-05-14 21:57:00.007  INFO 23960 --- [taskScheduler-4] c.g.c.s.lianjiadb.common.MyHttpClient    : set myhttpclient not available....
2017-05-14 21:58:05.751  INFO 23960 --- [taskScheduler-2] c.g.c.s.lianjiadb.common.MyHttpClient    : set myhttpclient available....
2017-05-14 21:58:05.751  INFO 23960 --- [taskScheduler-2] c.g.c.s.lianjiadb.common.MyHttpClient    : add available HttpProxyConfigs :{"host":"","id":1,"password":"","port":0,"status":1,"type":0,"username":""}
2017-05-14 21:59:00.002  INFO 23960 --- [taskScheduler-1] c.g.c.s.l.t.FetchHouseIndexTimeTask      : 开始执行houseUrlsFetching...
2017-05-14 21:59:00.004  INFO 23960 --- [taskScheduler-4] .g.c.s.l.t.GenAndExeDailyProcessTimeTask : 开始执行houseDetailFetching...
2017-05-14 21:59:01.549  INFO 23960 --- [taskScheduler-1] c.g.c.s.l.service.ProcessService         : dongguanzhuang total pageno is 1
2017-05-14 21:59:01.549  INFO 23960 --- [taskScheduler-1] c.g.c.s.l.s.impl.support.LianjiaWebUtil  : start fetching area=dongguanzhuang,pageNo=1
2017-05-14 21:59:02.061  INFO 23960 --- [taskScheduler-1] c.g.c.s.l.s.impl.support.LianjiaWebUtil  : area=dongguanzhuang size : 23
2017-05-14 21:59:02.564  INFO 23960 --- [taskScheduler-1] c.g.c.s.l.service.ProcessService         : tempHouseIndex null:com.github.coolcool.sloth.lianjiadb.model.Houseindex@7f28d6a
2017-05-14 21:59:03.896  INFO 23960 --- [taskScheduler-1] c.g.c.s.l.service.ProcessService         : saved selling house index : {"code":"GZ0002612806","hasdetail":0,"status":1,"updatetime":1494770342564,"url":"http://gz.lianjia.com/ershoufang/GZ0002612806.html"}
2017-05-14 21:59:03.898  INFO 23960 --- [taskScheduler-1] c.g.c.s.l.service.ProcessService         : tempHouseIndex null:com.github.coolcool.sloth.lianjiadb.model.Houseindex@2a086fdd
2017-05-14 21:59:03.910  INFO 23960 --- [taskScheduler-1] c.g.c.s.l.service.ProcessService         : saved selling house index : {"code":"GZ0002723006","hasdetail":0,"status":1,"updatetime":1494770343898,"url":"http://gz.lianjia.com/ershoufang/GZ0002723006.html"}
2017-05-14 21:59:03.912  INFO 23960 --- [taskScheduler-1] c.g.c.s.l.service.ProcessService         : tempHouseIndex null:com.github.coolcool.sloth.lianjiadb.model.Houseindex@f091ccc
2017-05-14 21:59:03.931  INFO 23960 --- [taskScheduler-1] c.g.c.s.l.service.ProcessService         : saved selling house index : {"code":"GZ0002722598","hasdetail":0,"status":1,"updatetime":1494770343912,"url":"http://gz.lianjia.com/ershoufang/GZ0002722598.html"}
2017-05-14 21:59:03.933  INFO 23960 --- [taskScheduler-1] c.g.c.s.l.service.ProcessService         : tempHouseIndex null:com.github.coolcool.sloth.lianjiadb.model.Houseindex@2f5000c5
2017-05-14 21:59:03.954  INFO 23960 --- [taskScheduler-1] c.g.c.s.l.service.ProcessService         : saved selling house index : {"code":"GZ0002606390","hasdetail":0,"status":1,"updatetime":1494770343933,"url":"http://gz.lianjia.com/ershoufang/GZ0002606390.html"}
2017-05-14 21:59:03.955  INFO 23960 --- [taskScheduler-1] c.g.c.s.l.service.ProcessService         : tempHouseIndex null:com.github.coolcool.sloth.lianjiadb.model.Houseindex@7413295c
2017-05-14 21:59:03.971  INFO 23960 --- [taskScheduler-1] c.g.c.s.l.service.ProcessService         : saved selling house index : {"code":"GZ0002610868","hasdetail":0,"status":1,"updatetime":1494770343955,"url":"http://gz.lianjia.com/ershoufang/GZ0002610868.html"}
2017-05-14 21:59:03.972  INFO 23960 --- [taskScheduler-1] c.g.c.s.l.service.ProcessService         : tempHouseIndex null:com.github.coolcool.sloth.lianjiadb.model.Houseindex@27af68ea
2017-05-14 21:59:03.987  INFO 23960 --- [taskScheduler-1] c.g.c.s.l.service.ProcessService         : saved selling house index : {"code":"GZ0002602688","hasdetail":0,"status":1,"updatetime":1494770343972,"url":"http://gz.lianjia.com/ershoufang/GZ0002602688.html"}
2017-05-14 21:59:03.988  INFO 23960 --- [taskScheduler-1] c.g.c.s.l.service.ProcessService         : tempHouseIndex null:com.github.coolcool.sloth.lianjiadb.model.Houseindex@4d5d6efe
2017-05-14 21:59:04.009  INFO 23960 --- [taskScheduler-1] c.g.c.s.l.service.ProcessService         : saved selling house index : {"code":"GZ0002619680","hasdetail":0,"status":1,"updatetime":1494770343988,"url":"http://gz.lianjia.com/ershoufang/GZ0002619680.html"}
2017-05-14 21:59:04.011  INFO 23960 --- [taskScheduler-1] c.g.c.s.l.service.ProcessService         : tempHouseIndex null:com.github.coolcool.sloth.lianjiadb.model.Houseindex@686d4af1
2017-05-14 21:59:04.026  INFO 23960 --- [taskScheduler-1] c.g.c.s.l.service.ProcessService         : saved selling house index : {"code":"GZ0002651477","hasdetail":0,"status":1,"updatetime":1494770344011,"url":"http://gz.lianjia.com/ershoufang/GZ0002651477.html"}
2017-05-14 21:59:04.027  INFO 23960 --- [taskScheduler-1] c.g.c.s.l.service.ProcessService         : tempHouseIndex null:com.github.coolcool.sloth.lianjiadb.model.Houseindex@28f398c3
2017-05-14 21:59:04.042  INFO 23960 --- [taskScheduler-1] c.g.c.s.l.service.ProcessService         : saved selling house index : {"code":"GZ0002429380","hasdetail":0,"status":1,"updatetime":1494770344028,"url":"http://gz.lianjia.com/ershoufang/GZ0002429380.html"}
2017-05-14 21:59:04.043  INFO 23960 --- [taskScheduler-1] c.g.c.s.l.service.ProcessService         : tempHouseIndex null:com.github.coolcool.sloth.lianjiadb.model.Houseindex@41aa6fb7
2017-05-14 21:59:04.060  INFO 23960 --- [taskScheduler-1] c.g.c.s.l.service.ProcessService         : saved selling house index : {"code":"GZ0002291494","hasdetail":0,"status":1,"updatetime":1494770344043,"url":"http://gz.lianjia.com/ershoufang/GZ0002291494.html"}
2017-05-14 21:59:04.061  INFO 23960 --- [taskScheduler-1] c.g.c.s.l.service.ProcessService         : tempHouseIndex null:com.github.coolcool.sloth.lianjiadb.model.Houseindex@b7f7ebb
2017-05-14 21:59:04.076  INFO 23960 --- [taskScheduler-1] c.g.c.s.l.service.ProcessService         : saved selling house index : {"code":"GZ0002720946","hasdetail":0,"status":1,"updatetime":1494770344062,"url":"http://gz.lianjia.com/ershoufang/GZ0002720946.html"}
2017-05-14 21:59:04.076  INFO 23960 --- [taskScheduler-1] c.g.c.s.l.service.ProcessService         : tempHouseIndex null:com.github.coolcool.sloth.lianjiadb.model.Houseindex@20b9accb
2017-05-14 21:59:04.098  INFO 23960 --- [taskScheduler-1] c.g.c.s.l.service.ProcessService         : saved selling house index : {"code":"GZ0002612443","hasdetail":0,"status":1,"updatetime":1494770344076,"url":"http://gz.lianjia.com/ershoufang/GZ0002612443.html"}
2017-05-14 21:59:04.100  INFO 23960 --- [taskScheduler-1] c.g.c.s.l.service.ProcessService         : tempHouseIndex null:com.github.coolcool.sloth.lianjiadb.model.Houseindex@16a292cf
2017-05-14 21:59:04.116  INFO 23960 --- [taskScheduler-1] c.g.c.s.l.service.ProcessService         : saved selling house index : {"code":"GZ0002644275","hasdetail":0,"status":1,"updatetime":1494770344100,"url":"http://gz.lianjia.com/ershoufang/GZ0002644275.html"}
2017-05-14 21:59:04.117  INFO 23960 --- [taskScheduler-1] c.g.c.s.l.service.ProcessService         : tempHouseIndex null:com.github.coolcool.sloth.lianjiadb.model.Houseindex@2c25bb5f
2017-05-14 21:59:04.133  INFO 23960 --- [taskScheduler-1] c.g.c.s.l.service.ProcessService         : saved selling house index : {"code":"GZ0002715139","hasdetail":0,"status":1,"updatetime":1494770344117,"url":"http://gz.lianjia.com/ershoufang/GZ0002715139.html"}
2017-05-14 21:59:04.135  INFO 23960 --- [taskScheduler-1] c.g.c.s.l.service.ProcessService         : tempHouseIndex null:com.github.coolcool.sloth.lianjiadb.model.Houseindex@4e6715f9
2017-05-14 21:59:04.150  INFO 23960 --- [taskScheduler-1] c.g.c.s.l.service.ProcessService         : saved selling house index : {"code":"GZ0002240081","hasdetail":0,"status":1,"updatetime":1494770344135,"url":"http://gz.lianjia.com/ershoufang/GZ0002240081.html"}
2017-05-14 21:59:04.151  INFO 23960 --- [taskScheduler-1] c.g.c.s.l.service.ProcessService         : tempHouseIndex null:com.github.coolcool.sloth.lianjiadb.model.Houseindex@35797889
2017-05-14 21:59:04.166  INFO 23960 --- [taskScheduler-1] c.g.c.s.l.service.ProcessService         : saved selling house index : {"code":"GZ0002616727","hasdetail":0,"status":1,"updatetime":1494770344151,"url":"http://gz.lianjia.com/ershoufang/GZ0002616727.html"}
2017-05-14 21:59:04.167  INFO 23960 --- [taskScheduler-1] c.g.c.s.l.service.ProcessService         : tempHouseIndex null:com.github.coolcool.sloth.lianjiadb.model.Houseindex@6ee12763
2017-05-14 21:59:04.188  INFO 23960 --- [taskScheduler-1] c.g.c.s.l.service.ProcessService         : saved selling house index : {"code":"GZ0002609014","hasdetail":0,"status":1,"updatetime":1494770344167,"url":"http://gz.lianjia.com/ershoufang/GZ0002609014.html"}
2017-05-14 21:59:04.189  INFO 23960 --- [taskScheduler-1] c.g.c.s.l.service.ProcessService         : tempHouseIndex null:com.github.coolcool.sloth.lianjiadb.model.Houseindex@2ccb9b61
2017-05-14 21:59:04.205  INFO 23960 --- [taskScheduler-1] c.g.c.s.l.service.ProcessService         : saved selling house index : {"code":"GZ0002720945","hasdetail":0,"status":1,"updatetime":1494770344189,"url":"http://gz.lianjia.com/ershoufang/GZ0002720945.html"}
2017-05-14 21:59:04.206  INFO 23960 --- [taskScheduler-1] c.g.c.s.l.service.ProcessService         : tempHouseIndex null:com.github.coolcool.sloth.lianjiadb.model.Houseindex@7c034274
2017-05-14 21:59:04.221  INFO 23960 --- [taskScheduler-1] c.g.c.s.l.service.ProcessService         : saved selling house index : {"code":"GZ0002609863","hasdetail":0,"status":1,"updatetime":1494770344206,"url":"http://gz.lianjia.com/ershoufang/GZ0002609863.html"}
2017-05-14 21:59:04.222  INFO 23960 --- [taskScheduler-1] c.g.c.s.l.service.ProcessService         : tempHouseIndex null:com.github.coolcool.sloth.lianjiadb.model.Houseindex@5d735613
2017-05-14 21:59:04.244  INFO 23960 --- [taskScheduler-1] c.g.c.s.l.service.ProcessService         : saved selling house index : {"code":"GZ0002595843","hasdetail":0,"status":1,"updatetime":1494770344222,"url":"http://gz.lianjia.com/ershoufang/GZ0002595843.html"}
2017-05-14 21:59:04.245  INFO 23960 --- [taskScheduler-1] c.g.c.s.l.service.ProcessService         : tempHouseIndex null:com.github.coolcool.sloth.lianjiadb.model.Houseindex@55f7e8c
2017-05-14 21:59:04.265  INFO 23960 --- [taskScheduler-1] c.g.c.s.l.service.ProcessService         : saved selling house index : {"code":"GZ0002715138","hasdetail":0,"status":1,"updatetime":1494770344245,"url":"http://gz.lianjia.com/ershoufang/GZ0002715138.html"}
2017-05-14 21:59:04.266  INFO 23960 --- [taskScheduler-1] c.g.c.s.l.service.ProcessService         : tempHouseIndex null:com.github.coolcool.sloth.lianjiadb.model.Houseindex@19ff3a7a
2017-05-14 21:59:04.288  INFO 23960 --- [taskScheduler-1] c.g.c.s.l.service.ProcessService         : saved selling house index : {"code":"GZ0002592236","hasdetail":0,"status":1,"updatetime":1494770344266,"url":"http://gz.lianjia.com/ershoufang/GZ0002592236.html"}
2017-05-14 21:59:04.289  INFO 23960 --- [taskScheduler-1] c.g.c.s.l.service.ProcessService         : tempHouseIndex null:com.github.coolcool.sloth.lianjiadb.model.Houseindex@72c335d5
2017-05-14 21:59:04.305  INFO 23960 --- [taskScheduler-1] c.g.c.s.l.service.ProcessService         : saved selling house index : {"code":"GZ0002593218","hasdetail":0,"status":1,"updatetime":1494770344289,"url":"http://gz.lianjia.com/ershoufang/GZ0002593218.html"}
2017-05-14 21:59:06.397  INFO 23960 --- [taskScheduler-1] c.g.c.s.l.service.ProcessService         : dongguanzhuang chengjiao total pageno is 1
2017-05-14 21:59:06.397  INFO 23960 --- [taskScheduler-1] c.g.c.s.l.s.impl.support.LianjiaWebUtil  : start fetching chengjiao area=dongguanzhuang,pageNo=0
2017-05-14 21:59:07.366  INFO 23960 --- [taskScheduler-1] c.g.c.s.l.s.impl.support.LianjiaWebUtil  : area=dongguanzhuang size : 30
2017-05-14 21:59:07.933  INFO 23960 --- [taskScheduler-1] c.g.c.s.l.service.ProcessService         : saved sold houseindex : {"code":"GZ0002586232","createtime":1494770347869,"hasdetail":0,"status":2,"updatetime":1494770347869,"url":"http://gz.lianjia.com/chengjiao/GZ0002586232.html"}
2017-05-14 21:59:07.954  INFO 23960 --- [taskScheduler-1] c.g.c.s.l.service.ProcessService         : saved sold houseindex : {"code":"GZ0002334847","createtime":1494770347934,"hasdetail":0,"status":2,"updatetime":1494770347934,"url":"http://gz.lianjia.com/chengjiao/GZ0002334847.html"}
2017-05-14 21:59:07.972  INFO 23960 --- [taskScheduler-1] c.g.c.s.l.service.ProcessService         : saved sold houseindex : {"code":"GZ0002443689","createtime":1494770347956,"hasdetail":0,"status":2,"updatetime":1494770347956,"url":"http://gz.lianjia.com/chengjiao/GZ0002443689.html"}
2017-05-14 21:59:07.988  INFO 23960 --- [taskScheduler-1] c.g.c.s.l.service.ProcessService         : saved sold houseindex : {"code":"GZ0001264286","createtime":1494770347974,"hasdetail":0,"status":2,"updatetime":1494770347974,"url":"http://gz.lianjia.com/chengjiao/GZ0001264286.html"}
2017-05-14 21:59:08.018  INFO 23960 --- [taskScheduler-1] c.g.c.s.l.service.ProcessService         : saved sold houseindex : {"code":"GZ0002087118","createtime":1494770347992,"hasdetail":0,"status":2,"updatetime":1494770347992,"url":"http://gz.lianjia.com/chengjiao/GZ0002087118.html"}
2017-05-14 21:59:08.032  INFO 23960 --- [taskScheduler-1] c.g.c.s.l.service.ProcessService         : saved sold houseindex : {"code":"GZ0001730282","createtime":1494770348020,"hasdetail":0,"status":2,"updatetime":1494770348020,"url":"http://gz.lianjia.com/chengjiao/GZ0001730282.html"}
2017-05-14 21:59:08.056  INFO 23960 --- [taskScheduler-1] c.g.c.s.l.service.ProcessService         : saved sold houseindex : {"code":"GZ0002178179","createtime":1494770348034,"hasdetail":0,"status":2,"updatetime":1494770348034,"url":"http://gz.lianjia.com/chengjiao/GZ0002178179.html"}
2017-05-14 21:59:08.077  INFO 23960 --- [taskScheduler-1] c.g.c.s.l.service.ProcessService         : saved sold houseindex : {"code":"GZ0002379644","createtime":1494770348057,"hasdetail":0,"status":2,"updatetime":1494770348057,"url":"http://gz.lianjia.com/chengjiao/GZ0002379644.html"}
2017-05-14 21:59:08.100  INFO 23960 --- [taskScheduler-1] c.g.c.s.l.service.ProcessService         : saved sold houseindex : {"code":"GZ0002194634","createtime":1494770348080,"hasdetail":0,"status":2,"updatetime":1494770348080,"url":"http://gz.lianjia.com/chengjiao/GZ0002194634.html"}
2017-05-14 21:59:08.122  INFO 23960 --- [taskScheduler-1] c.g.c.s.l.service.ProcessService         : saved sold houseindex : {"code":"GZ0002000436","createtime":1494770348102,"hasdetail":0,"status":2,"updatetime":1494770348102,"url":"http://gz.lianjia.com/chengjiao/GZ0002000436.html"}
2017-05-14 21:59:08.144  INFO 23960 --- [taskScheduler-1] c.g.c.s.l.service.ProcessService         : saved sold houseindex : {"code":"GZ0001534941","createtime":1494770348124,"hasdetail":0,"status":2,"updatetime":1494770348124,"url":"http://gz.lianjia.com/chengjiao/GZ0001534941.html"}
2017-05-14 21:59:08.166  INFO 23960 --- [taskScheduler-1] c.g.c.s.l.service.ProcessService         : saved sold houseindex : {"code":"GZ0002275556","createtime":1494770348146,"hasdetail":0,"status":2,"updatetime":1494770348146,"url":"http://gz.lianjia.com/chengjiao/GZ0002275556.html"}
2017-05-14 21:59:08.189  INFO 23960 --- [taskScheduler-1] c.g.c.s.l.service.ProcessService         : saved sold houseindex : {"code":"GZ0002324378","createtime":1494770348168,"hasdetail":0,"status":2,"updatetime":1494770348168,"url":"http://gz.lianjia.com/chengjiao/GZ0002324378.html"}
2017-05-14 21:59:08.210  INFO 23960 --- [taskScheduler-1] c.g.c.s.l.service.ProcessService         : saved sold houseindex : {"code":"GZ0001918727","createtime":1494770348191,"hasdetail":0,"status":2,"updatetime":1494770348191,"url":"http://gz.lianjia.com/chengjiao/GZ0001918727.html"}
2017-05-14 21:59:08.233  INFO 23960 --- [taskScheduler-1] c.g.c.s.l.service.ProcessService         : saved sold houseindex : {"code":"GZ0002231664","createtime":1494770348213,"hasdetail":0,"status":2,"updatetime":1494770348213,"url":"http://gz.lianjia.com/chengjiao/GZ0002231664.html"}
2017-05-14 21:59:08.255  INFO 23960 --- [taskScheduler-1] c.g.c.s.l.service.ProcessService         : saved sold houseindex : {"code":"GZ0002536793","createtime":1494770348235,"hasdetail":0,"status":2,"updatetime":1494770348235,"url":"http://gz.lianjia.com/chengjiao/GZ0002536793.html"}
2017-05-14 21:59:08.278  INFO 23960 --- [taskScheduler-1] c.g.c.s.l.service.ProcessService         : saved sold houseindex : {"code":"GZ0002549925","createtime":1494770348257,"hasdetail":0,"status":2,"updatetime":1494770348257,"url":"http://gz.lianjia.com/chengjiao/GZ0002549925.html"}
2017-05-14 21:59:08.299  INFO 23960 --- [taskScheduler-1] c.g.c.s.l.service.ProcessService         : saved sold houseindex : {"code":"GZ0002437023","createtime":1494770348280,"hasdetail":0,"status":2,"updatetime":1494770348280,"url":"http://gz.lianjia.com/chengjiao/GZ0002437023.html"}
2017-05-14 21:59:08.322  INFO 23960 --- [taskScheduler-1] c.g.c.s.l.service.ProcessService         : saved sold houseindex : {"code":"GZ0001746461","createtime":1494770348301,"hasdetail":0,"status":2,"updatetime":1494770348301,"url":"http://gz.lianjia.com/chengjiao/GZ0001746461.html"}
2017-05-14 21:59:08.344  INFO 23960 --- [taskScheduler-1] c.g.c.s.l.service.ProcessService         : saved sold houseindex : {"code":"GZ0002245967","createtime":1494770348324,"hasdetail":0,"status":2,"updatetime":1494770348324,"url":"http://gz.lianjia.com/chengjiao/GZ0002245967.html"}
2017-05-14 21:59:08.367  INFO 23960 --- [taskScheduler-1] c.g.c.s.l.service.ProcessService         : saved sold houseindex : {"code":"GZ0002333996","createtime":1494770348346,"hasdetail":0,"status":2,"updatetime":1494770348346,"url":"http://gz.lianjia.com/chengjiao/GZ0002333996.html"}
2017-05-14 21:59:08.388  INFO 23960 --- [taskScheduler-1] c.g.c.s.l.service.ProcessService         : saved sold houseindex : {"code":"GZ0001993146","createtime":1494770348369,"hasdetail":0,"status":2,"updatetime":1494770348369,"url":"http://gz.lianjia.com/chengjiao/GZ0001993146.html"}
2017-05-14 21:59:08.411  INFO 23960 --- [taskScheduler-1] c.g.c.s.l.service.ProcessService         : saved sold houseindex : {"code":"GZ0002401528","createtime":1494770348390,"hasdetail":0,"status":2,"updatetime":1494770348390,"url":"http://gz.lianjia.com/chengjiao/GZ0002401528.html"}
2017-05-14 21:59:08.433  INFO 23960 --- [taskScheduler-1] c.g.c.s.l.service.ProcessService         : saved sold houseindex : {"code":"GZ0001574178","createtime":1494770348413,"hasdetail":0,"status":2,"updatetime":1494770348413,"url":"http://gz.lianjia.com/chengjiao/GZ0001574178.html"}
2017-05-14 21:59:08.455  INFO 23960 --- [taskScheduler-1] c.g.c.s.l.service.ProcessService         : saved sold houseindex : {"code":"GZ0001706646","createtime":1494770348435,"hasdetail":0,"status":2,"updatetime":1494770348435,"url":"http://gz.lianjia.com/chengjiao/GZ0001706646.html"}
2017-05-14 21:59:08.477  INFO 23960 --- [taskScheduler-1] c.g.c.s.l.service.ProcessService         : saved sold houseindex : {"code":"GZ0002532162","createtime":1494770348458,"hasdetail":0,"status":2,"updatetime":1494770348458,"url":"http://gz.lianjia.com/chengjiao/GZ0002532162.html"}
2017-05-14 21:59:08.500  INFO 23960 --- [taskScheduler-1] c.g.c.s.l.service.ProcessService         : saved sold houseindex : {"code":"GZ0002384551","createtime":1494770348479,"hasdetail":0,"status":2,"updatetime":1494770348479,"url":"http://gz.lianjia.com/chengjiao/GZ0002384551.html"}
2017-05-14 21:59:08.521  INFO 23960 --- [taskScheduler-1] c.g.c.s.l.service.ProcessService         : saved sold houseindex : {"code":"GZ0002333058","createtime":1494770348502,"hasdetail":0,"status":2,"updatetime":1494770348502,"url":"http://gz.lianjia.com/chengjiao/GZ0002333058.html"}
2017-05-14 21:59:08.544  INFO 23960 --- [taskScheduler-1] c.g.c.s.l.service.ProcessService         : saved sold houseindex : {"code":"GZ0002442588","createtime":1494770348524,"hasdetail":0,"status":2,"updatetime":1494770348524,"url":"http://gz.lianjia.com/chengjiao/GZ0002442588.html"}
2017-05-14 21:59:08.566  INFO 23960 --- [taskScheduler-1] c.g.c.s.l.service.ProcessService         : saved sold houseindex : {"code":"GZ0001240137","createtime":1494770348547,"hasdetail":0,"status":2,"updatetime":1494770348547,"url":"http://gz.lianjia.com/chengjiao/GZ0001240137.html"}
2017-05-14 21:59:09.904  INFO 23960 --- [taskScheduler-1] c.g.c.s.l.service.ProcessService         : dongzhan total pageno is 0
2017-05-14 21:59:12.380  INFO 23960 --- [taskScheduler-1] c.g.c.s.l.service.ProcessService         : dongzhan chengjiao total pageno is 1
2017-05-14 21:59:12.380  INFO 23960 --- [taskScheduler-1] c.g.c.s.l.s.impl.support.LianjiaWebUtil  : start fetching chengjiao area=dongzhan,pageNo=0
2017-05-14 21:59:13.649  INFO 23960 --- [taskScheduler-1] c.g.c.s.l.s.impl.support.LianjiaWebUtil  : area=dongzhan size : 3
2017-05-14 21:59:15.738  INFO 23960 --- [taskScheduler-1] c.g.c.s.l.service.ProcessService         : gaotang total pageno is 0
2017-05-14 21:59:16.715  INFO 23960 --- [taskScheduler-1] c.g.c.s.l.service.ProcessService         : gaotang chengjiao total pageno is 0
2017-05-14 21:59:19.047  INFO 23960 --- [taskScheduler-1] c.g.c.s.l.service.ProcessService         : chebei total pageno is 2
2017-05-14 21:59:19.047  INFO 23960 --- [taskScheduler-1] c.g.c.s.l.s.impl.support.LianjiaWebUtil  : start fetching area=chebei,pageNo=0
2017-05-14 21:59:20.935  INFO 23960 --- [taskScheduler-1] c.g.c.s.l.s.impl.support.LianjiaWebUtil  : area=chebei size : 30
2017-05-14 21:59:21.439  INFO 23960 --- [taskScheduler-1] c.g.c.s.l.service.ProcessService         : tempHouseIndex null:com.github.coolcool.sloth.lianjiadb.model.Houseindex@7d471dfa
2017-05-14 21:59:21.478  INFO 23960 --- [taskScheduler-1] c.g.c.s.l.service.ProcessService         : saved selling house index : {"code":"GZ0002249784","hasdetail":0,"status":1,"updatetime":1494770361439,"url":"http://gz.lianjia.com/ershoufang/GZ0002249784.html"}
2017-05-14 21:59:21.480  INFO 23960 --- [taskScheduler-1] c.g.c.s.l.service.ProcessService         : tempHouseIndex null:com.github.coolcool.sloth.lianjiadb.model.Houseindex@2758db71
2017-05-14 21:59:21.497  INFO 23960 --- [taskScheduler-1] c.g.c.s.l.service.ProcessService         : saved selling house index : {"code":"GZ0002602056","hasdetail":0,"status":1,"updatetime":1494770361480,"url":"http://gz.lianjia.com/ershoufang/GZ0002602056.html"}
2017-05-14 21:59:21.499  INFO 23960 --- [taskScheduler-1] c.g.c.s.l.service.ProcessService         : tempHouseIndex null:com.github.coolcool.sloth.lianjiadb.model.Houseindex@22062fcd
2017-05-14 21:59:21.511  INFO 23960 --- [taskScheduler-1] c.g.c.s.l.service.ProcessService         : saved selling house index : {"code":"GZ0002652516","hasdetail":0,"status":1,"updatetime":1494770361499,"url":"http://gz.lianjia.com/ershoufang/GZ0002652516.html"}
2017-05-14 21:59:21.513  INFO 23960 --- [taskScheduler-1] c.g.c.s.l.service.ProcessService         : tempHouseIndex null:com.github.coolcool.sloth.lianjiadb.model.Houseindex@bdbf6b3
2017-05-14 21:59:21.529  INFO 23960 --- [taskScheduler-1] c.g.c.s.l.service.ProcessService         : saved selling house index : {"code":"GZ0002616223","hasdetail":0,"status":1,"updatetime":1494770361513,"url":"http://gz.lianjia.com/ershoufang/GZ0002616223.html"}
2017-05-14 21:59:21.531  INFO 23960 --- [taskScheduler-1] c.g.c.s.l.service.ProcessService         : tempHouseIndex null:com.github.coolcool.sloth.lianjiadb.model.Houseindex@1f8b006f
2017-05-14 21:59:21.545  INFO 23960 --- [taskScheduler-1] c.g.c.s.l.service.ProcessService         : saved selling house index : {"code":"GZ0002614931","hasdetail":0,"status":1,"updatetime":1494770361532,"url":"http://gz.lianjia.com/ershoufang/GZ0002614931.html"}
2017-05-14 21:59:21.548  INFO 23960 --- [taskScheduler-1] c.g.c.s.l.service.ProcessService         : tempHouseIndex null:com.github.coolcool.sloth.lianjiadb.model.Houseindex@5f8d850a
2017-05-14 21:59:21.562  INFO 23960 --- [taskScheduler-1] c.g.c.s.l.service.ProcessService         : saved selling house index : {"code":"GZ0002567093","hasdetail":0,"status":1,"updatetime":1494770361549,"url":"http://gz.lianjia.com/ershoufang/GZ0002567093.html"}
2017-05-14 21:59:21.564  INFO 23960 --- [taskScheduler-1] c.g.c.s.l.service.ProcessService         : tempHouseIndex null:com.github.coolcool.sloth.lianjiadb.model.Houseindex@31724bf8
2017-05-14 21:59:21.578  INFO 23960 --- [taskScheduler-1] c.g.c.s.l.service.ProcessService         : saved selling house index : {"code":"GZ0002326065","hasdetail":0,"status":1,"updatetime":1494770361564,"url":"http://gz.lianjia.com/ershoufang/GZ0002326065.html"}
2017-05-14 21:59:21.580  INFO 23960 --- [taskScheduler-1] c.g.c.s.l.service.ProcessService         : tempHouseIndex null:com.github.coolcool.sloth.lianjiadb.model.Houseindex@6a2c06ad
2017-05-14 21:59:21.600  INFO 23960 --- [taskScheduler-1] c.g.c.s.l.service.ProcessService         : saved selling house index : {"code":"GZ0002391844","hasdetail":0,"status":1,"updatetime":1494770361580,"url":"http://gz.lianjia.com/ershoufang/GZ0002391844.html"}
2017-05-14 21:59:21.602  INFO 23960 --- [taskScheduler-1] c.g.c.s.l.service.ProcessService         : tempHouseIndex null:com.github.coolcool.sloth.lianjiadb.model.Houseindex@2a93dc8c
2017-05-14 21:59:21.617  INFO 23960 --- [taskScheduler-1] c.g.c.s.l.service.ProcessService         : saved selling house index : {"code":"GZ0002273535","hasdetail":0,"status":1,"updatetime":1494770361603,"url":"http://gz.lianjia.com/ershoufang/GZ0002273535.html"}
2017-05-14 21:59:21.619  INFO 23960 --- [taskScheduler-1] c.g.c.s.l.service.ProcessService         : tempHouseIndex null:com.github.coolcool.sloth.lianjiadb.model.Houseindex@516e111d
2017-05-14 21:59:21.633  INFO 23960 --- [taskScheduler-1] c.g.c.s.l.service.ProcessService         : saved selling house index : {"code":"GZ0002419637","hasdetail":0,"status":1,"updatetime":1494770361619,"url":"http://gz.lianjia.com/ershoufang/GZ0002419637.html"}
2017-05-14 21:59:21.634  INFO 23960 --- [taskScheduler-1] c.g.c.s.l.service.ProcessService         : tempHouseIndex null:com.github.coolcool.sloth.lianjiadb.model.Houseindex@2952a966
2017-05-14 21:59:21.651  INFO 23960 --- [taskScheduler-1] c.g.c.s.l.service.ProcessService         : saved selling house index : {"code":"GZ0002555420","hasdetail":0,"status":1,"updatetime":1494770361634,"url":"http://gz.lianjia.com/ershoufang/GZ0002555420.html"}
2017-05-14 21:59:21.652  INFO 23960 --- [taskScheduler-1] c.g.c.s.l.service.ProcessService         : tempHouseIndex null:com.github.coolcool.sloth.lianjiadb.model.Houseindex@a284092
2017-05-14 21:59:21.667  INFO 23960 --- [taskScheduler-1] c.g.c.s.l.service.ProcessService         : saved selling house index : {"code":"GZ0002606184","hasdetail":0,"status":1,"updatetime":1494770361652,"url":"http://gz.lianjia.com/ershoufang/GZ0002606184.html"}
2017-05-14 21:59:21.670  INFO 23960 --- [taskScheduler-1] c.g.c.s.l.service.ProcessService         : tempHouseIndex null:com.github.coolcool.sloth.lianjiadb.model.Houseindex@31e7e963
2017-05-14 21:59:21.684  INFO 23960 --- [taskScheduler-1] c.g.c.s.l.service.ProcessService         : saved selling house index : {"code":"GZ0002235405","hasdetail":0,"status":1,"updatetime":1494770361671,"url":"http://gz.lianjia.com/ershoufang/GZ0002235405.html"}
2017-05-14 21:59:21.686  INFO 23960 --- [taskScheduler-1] c.g.c.s.l.service.ProcessService         : tempHouseIndex null:com.github.coolcool.sloth.lianjiadb.model.Houseindex@3114323b
2017-05-14 21:59:21.700  INFO 23960 --- [taskScheduler-1] c.g.c.s.l.service.ProcessService         : saved selling house index : {"code":"GZ0002583467","hasdetail":0,"status":1,"updatetime":1494770361687,"url":"http://gz.lianjia.com/ershoufang/GZ0002583467.html"}
2017-05-14 21:59:21.704  INFO 23960 --- [taskScheduler-1] c.g.c.s.l.service.ProcessService         : tempHouseIndex null:com.github.coolcool.sloth.lianjiadb.model.Houseindex@e806f72
2017-05-14 21:59:21.718  INFO 23960 --- [taskScheduler-1] c.g.c.s.l.service.ProcessService         : saved selling house index : {"code":"GZ0002549602","hasdetail":0,"status":1,"updatetime":1494770361704,"url":"http://gz.lianjia.com/ershoufang/GZ0002549602.html"}
2017-05-14 21:59:21.720  INFO 23960 --- [taskScheduler-1] c.g.c.s.l.service.ProcessService         : tempHouseIndex null:com.github.coolcool.sloth.lianjiadb.model.Houseindex@5e57d4c2
2017-05-14 21:59:21.734  INFO 23960 --- [taskScheduler-1] c.g.c.s.l.service.ProcessService         : saved selling house index : {"code":"GZ0002244329","hasdetail":0,"status":1,"updatetime":1494770361720,"url":"http://gz.lianjia.com/ershoufang/GZ0002244329.html"}
2017-05-14 21:59:21.737  INFO 23960 --- [taskScheduler-1] c.g.c.s.l.service.ProcessService         : tempHouseIndex null:com.github.coolcool.sloth.lianjiadb.model.Houseindex@5471715e
2017-05-14 21:59:21.751  INFO 23960 --- [taskScheduler-1] c.g.c.s.l.service.ProcessService         : saved selling house index : {"code":"GZ0002556762","hasdetail":0,"status":1,"updatetime":1494770361737,"url":"http://gz.lianjia.com/ershoufang/GZ0002556762.html"}
2017-05-14 21:59:21.753  INFO 23960 --- [taskScheduler-1] c.g.c.s.l.service.ProcessService         : tempHouseIndex null:com.github.coolcool.sloth.lianjiadb.model.Houseindex@590c8d09
2017-05-14 21:59:21.767  INFO 23960 --- [taskScheduler-1] c.g.c.s.l.service.ProcessService         : saved selling house index : {"code":"GZ0002646785","hasdetail":0,"status":1,"updatetime":1494770361754,"url":"http://gz.lianjia.com/ershoufang/GZ0002646785.html"}
2017-05-14 21:59:21.770  INFO 23960 --- [taskScheduler-1] c.g.c.s.l.service.ProcessService         : tempHouseIndex null:com.github.coolcool.sloth.lianjiadb.model.Houseindex@96d74c1
2017-05-14 21:59:21.789  INFO 23960 --- [taskScheduler-1] c.g.c.s.l.service.ProcessService         : saved selling house index : {"code":"GZ0002547273","hasdetail":0,"status":1,"updatetime":1494770361771,"url":"http://gz.lianjia.com/ershoufang/GZ0002547273.html"}
2017-05-14 21:59:21.792  INFO 23960 --- [taskScheduler-1] c.g.c.s.l.service.ProcessService         : tempHouseIndex null:com.github.coolcool.sloth.lianjiadb.model.Houseindex@622edca2
2017-05-14 21:59:21.811  INFO 23960 --- [taskScheduler-1] c.g.c.s.l.service.ProcessService         : saved selling house index : {"code":"GZ0002298046","hasdetail":0,"status":1,"updatetime":1494770361792,"url":"http://gz.lianjia.com/ershoufang/GZ0002298046.html"}
2017-05-14 21:59:21.817  INFO 23960 --- [taskScheduler-1] c.g.c.s.l.service.ProcessService         : tempHouseIndex null:com.github.coolcool.sloth.lianjiadb.model.Houseindex@49848fba
2017-05-14 21:59:21.829  INFO 23960 --- [taskScheduler-1] c.g.c.s.l.service.ProcessService         : saved selling house index : {"code":"GZ0002326241","hasdetail":0,"status":1,"updatetime":1494770361818,"url":"http://gz.lianjia.com/ershoufang/GZ0002326241.html"}
2017-05-14 21:59:21.832  INFO 23960 --- [taskScheduler-1] c.g.c.s.l.service.ProcessService         : tempHouseIndex null:com.github.coolcool.sloth.lianjiadb.model.Houseindex@646b53ac
2017-05-14 21:59:21.845  INFO 23960 --- [taskScheduler-1] c.g.c.s.l.service.ProcessService         : saved selling house index : {"code":"GZ0002298223","hasdetail":0,"status":1,"updatetime":1494770361832,"url":"http://gz.lianjia.com/ershoufang/GZ0002298223.html"}
2017-05-14 21:59:21.848  INFO 23960 --- [taskScheduler-1] c.g.c.s.l.service.ProcessService         : tempHouseIndex null:com.github.coolcool.sloth.lianjiadb.model.Houseindex@5c23562a
2017-05-14 21:59:21.867  INFO 23960 --- [taskScheduler-1] c.g.c.s.l.service.ProcessService         : saved selling house index : {"code":"GZ0002661846","hasdetail":0,"status":1,"updatetime":1494770361849,"url":"http://gz.lianjia.com/ershoufang/GZ0002661846.html"}
2017-05-14 21:59:21.870  INFO 23960 --- [taskScheduler-1] c.g.c.s.l.service.ProcessService         : tempHouseIndex null:com.github.coolcool.sloth.lianjiadb.model.Houseindex@57729621
2017-05-14 21:59:21.884  INFO 23960 --- [taskScheduler-1] c.g.c.s.l.service.ProcessService         : saved selling house index : {"code":"GZ0002595971","hasdetail":0,"status":1,"updatetime":1494770361871,"url":"http://gz.lianjia.com/ershoufang/GZ0002595971.html"}
2017-05-14 21:59:21.887  INFO 23960 --- [taskScheduler-1] c.g.c.s.l.service.ProcessService         : tempHouseIndex null:com.github.coolcool.sloth.lianjiadb.model.Houseindex@11935a7a
2017-05-14 21:59:21.899  INFO 23960 --- [taskScheduler-1] c.g.c.s.l.service.ProcessService         : saved selling house index : {"code":"GZ0002601429","hasdetail":0,"status":1,"updatetime":1494770361887,"url":"http://gz.lianjia.com/ershoufang/GZ0002601429.html"}
2017-05-14 21:59:21.902  INFO 23960 --- [taskScheduler-1] c.g.c.s.l.service.ProcessService         : tempHouseIndex null:com.github.coolcool.sloth.lianjiadb.model.Houseindex@27f5f020
2017-05-14 21:59:21.923  INFO 23960 --- [taskScheduler-1] c.g.c.s.l.service.ProcessService         : saved selling house index : {"code":"GZ0002602180","hasdetail":0,"status":1,"updatetime":1494770361902,"url":"http://gz.lianjia.com/ershoufang/GZ0002602180.html"}
2017-05-14 21:59:21.927  INFO 23960 --- [taskScheduler-1] c.g.c.s.l.service.ProcessService         : tempHouseIndex null:com.github.coolcool.sloth.lianjiadb.model.Houseindex@7030b9a0
2017-05-14 21:59:21.945  INFO 23960 --- [taskScheduler-1] c.g.c.s.l.service.ProcessService         : saved selling house index : {"code":"GZ0002581174","hasdetail":0,"status":1,"updatetime":1494770361927,"url":"http://gz.lianjia.com/ershoufang/GZ0002581174.html"}
2017-05-14 21:59:21.948  INFO 23960 --- [taskScheduler-1] c.g.c.s.l.service.ProcessService         : tempHouseIndex null:com.github.coolcool.sloth.lianjiadb.model.Houseindex@29bade11
2017-05-14 21:59:21.968  INFO 23960 --- [taskScheduler-1] c.g.c.s.l.service.ProcessService         : saved selling house index : {"code":"GZ0002607419","hasdetail":0,"status":1,"updatetime":1494770361948,"url":"http://gz.lianjia.com/ershoufang/GZ0002607419.html"}
2017-05-14 21:59:21.971  INFO 23960 --- [taskScheduler-1] c.g.c.s.l.service.ProcessService         : tempHouseIndex null:com.github.coolcool.sloth.lianjiadb.model.Houseindex@e8b28a5
2017-05-14 21:59:21.989  INFO 23960 --- [taskScheduler-1] c.g.c.s.l.service.ProcessService         : saved selling house index : {"code":"GZ0002600472","hasdetail":0,"status":1,"updatetime":1494770361971,"url":"http://gz.lianjia.com/ershoufang/GZ0002600472.html"}
2017-05-14 21:59:21.991  INFO 23960 --- [taskScheduler-1] c.g.c.s.l.service.ProcessService         : tempHouseIndex null:com.github.coolcool.sloth.lianjiadb.model.Houseindex@3e953b2d
2017-05-14 21:59:22.012  INFO 23960 --- [taskScheduler-1] c.g.c.s.l.service.ProcessService         : saved selling house index : {"code":"GZ0002590691","hasdetail":0,"status":1,"updatetime":1494770361991,"url":"http://gz.lianjia.com/ershoufang/GZ0002590691.html"}
2017-05-14 21:59:22.534  INFO 23960 --- [taskScheduler-1] c.g.c.s.l.s.impl.support.LianjiaWebUtil  : start fetching area=chebei,pageNo=2
2017-05-14 21:59:23.012  INFO 23960 --- [taskScheduler-1] c.g.c.s.l.s.impl.support.LianjiaWebUtil  : area=chebei size : 6
2017-05-14 21:59:23.517  INFO 23960 --- [taskScheduler-1] c.g.c.s.l.service.ProcessService         : tempHouseIndex null:com.github.coolcool.sloth.lianjiadb.model.Houseindex@3d700718
2017-05-14 21:59:23.579  INFO 23960 --- [taskScheduler-1] c.g.c.s.l.service.ProcessService         : saved selling house index : {"code":"GZ0002602156","hasdetail":0,"status":1,"updatetime":1494770363517,"url":"http://gz.lianjia.com/ershoufang/GZ0002602156.html"}
2017-05-14 21:59:23.581  INFO 23960 --- [taskScheduler-1] c.g.c.s.l.service.ProcessService         : tempHouseIndex null:com.github.coolcool.sloth.lianjiadb.model.Houseindex@13cacc5a
2017-05-14 21:59:23.600  INFO 23960 --- [taskScheduler-1] c.g.c.s.l.service.ProcessService         : saved selling house index : {"code":"GZ0002613745","hasdetail":0,"status":1,"updatetime":1494770363582,"url":"http://gz.lianjia.com/ershoufang/GZ0002613745.html"}
2017-05-14 21:59:23.602  INFO 23960 --- [taskScheduler-1] c.g.c.s.l.service.ProcessService         : tempHouseIndex null:com.github.coolcool.sloth.lianjiadb.model.Houseindex@7ef70e84
2017-05-14 21:59:23.623  INFO 23960 --- [taskScheduler-1] c.g.c.s.l.service.ProcessService         : saved selling house index : {"code":"GZ0002523852","hasdetail":0,"status":1,"updatetime":1494770363603,"url":"http://gz.lianjia.com/ershoufang/GZ0002523852.html"}
2017-05-14 21:59:23.625  INFO 23960 --- [taskScheduler-1] c.g.c.s.l.service.ProcessService         : tempHouseIndex null:com.github.coolcool.sloth.lianjiadb.model.Houseindex@3e2af9e8
2017-05-14 21:59:23.645  INFO 23960 --- [taskScheduler-1] c.g.c.s.l.service.ProcessService         : saved selling house index : {"code":"GZ0002722086","hasdetail":0,"status":1,"updatetime":1494770363625,"url":"http://gz.lianjia.com/ershoufang/GZ0002722086.html"}
2017-05-14 21:59:23.647  INFO 23960 --- [taskScheduler-1] c.g.c.s.l.service.ProcessService         : tempHouseIndex null:com.github.coolcool.sloth.lianjiadb.model.Houseindex@23aeac6d
2017-05-14 21:59:23.667  INFO 23960 --- [taskScheduler-1] c.g.c.s.l.service.ProcessService         : saved selling house index : {"code":"GZ0002332899","hasdetail":0,"status":1,"updatetime":1494770363647,"url":"http://gz.lianjia.com/ershoufang/GZ0002332899.html"}
2017-05-14 21:59:23.670  INFO 23960 --- [taskScheduler-1] c.g.c.s.l.service.ProcessService         : tempHouseIndex null:com.github.coolcool.sloth.lianjiadb.model.Houseindex@77840060
2017-05-14 21:59:23.689  INFO 23960 --- [taskScheduler-1] c.g.c.s.l.service.ProcessService         : saved selling house index : {"code":"GZ0002101695","hasdetail":0,"status":1,"updatetime":1494770363670,"url":"http://gz.lianjia.com/ershoufang/GZ0002101695.html"}
2017-05-14 21:59:25.631  INFO 23960 --- [taskScheduler-1] c.g.c.s.l.service.ProcessService         : chebei chengjiao total pageno is 3
2017-05-14 21:59:25.631  INFO 23960 --- [taskScheduler-1] c.g.c.s.l.s.impl.support.LianjiaWebUtil  : start fetching chengjiao area=chebei,pageNo=0
2017-05-14 21:59:26.425  INFO 23960 --- [taskScheduler-1] c.g.c.s.l.s.impl.support.LianjiaWebUtil  : area=chebei size : 30
2017-05-14 21:59:27.022  INFO 23960 --- [taskScheduler-1] c.g.c.s.l.service.ProcessService         : saved sold houseindex : {"code":"GZ0002448978","createtime":1494770366955,"hasdetail":0,"status":2,"updatetime":1494770366955,"url":"http://gz.lianjia.com/chengjiao/GZ0002448978.html"}
2017-05-14 21:59:27.545  INFO 23960 --- [taskScheduler-1] c.g.c.s.l.s.impl.support.LianjiaWebUtil  : start fetching chengjiao area=chebei,pageNo=2
2017-05-14 21:59:27.963  INFO 23960 --- [taskScheduler-1] c.g.c.s.l.s.impl.support.LianjiaWebUtil  : area=chebei size : 30
2017-05-14 21:59:28.544  INFO 23960 --- [taskScheduler-1] c.g.c.s.l.service.ProcessService         : changed sold houseindex :{"code":"GZ0002448978","hasdetail":0,"url":"http://gz.lianjia.com/chengjiao/GZ0002448978.html"}
2017-05-14 21:59:30.750  INFO 23960 --- [taskScheduler-1] c.g.c.s.l.service.ProcessService         : shuiyin total pageno is 2
2017-05-14 21:59:30.750  INFO 23960 --- [taskScheduler-1] c.g.c.s.l.s.impl.support.LianjiaWebUtil  : start fetching area=shuiyin,pageNo=0
2017-05-14 21:59:32.334  INFO 23960 --- [taskScheduler-1] c.g.c.s.l.s.impl.support.LianjiaWebUtil  : area=shuiyin size : 30
2017-05-14 21:59:32.836  INFO 23960 --- [taskScheduler-1] c.g.c.s.l.service.ProcessService         : tempHouseIndex null:com.github.coolcool.sloth.lianjiadb.model.Houseindex@74d5ea16
2017-05-14 21:59:32.837  INFO 23960 --- [taskScheduler-1] c.g.c.s.l.service.ProcessService         : tempHouseIndex :{"code":"GZ0002276620","hasdetail":0,"url":"http://gz.lianjia.com/ershoufang/GZ0002276620.html"}
2017-05-14 21:59:32.837  INFO 23960 --- [taskScheduler-1] c.g.c.s.l.service.ProcessService         : houseindexService null:com.github.coolcool.sloth.lianjiadb.service.impl.HouseindexServiceImpl@6b3526c9
2017-05-14 21:59:32.839  INFO 23960 --- [taskScheduler-1] c.g.c.s.l.service.ProcessService         : changed selling house index :{"code":"GZ0002276620","hasdetail":0,"status":1,"updatetime":1494770372837,"url":"http://gz.lianjia.com/ershoufang/GZ0002276620.html"}
2017-05-14 21:59:32.841  INFO 23960 --- [taskScheduler-1] c.g.c.s.l.service.ProcessService         : tempHouseIndex null:com.github.coolcool.sloth.lianjiadb.model.Houseindex@5593b2d4
2017-05-14 21:59:32.841  INFO 23960 --- [taskScheduler-1] c.g.c.s.l.service.ProcessService         : tempHouseIndex :{"code":"GZ0002334701","hasdetail":0,"url":"http://gz.lianjia.com/ershoufang/GZ0002334701.html"}
2017-05-14 21:59:32.843  INFO 23960 --- [taskScheduler-1] c.g.c.s.l.service.ProcessService         : tempHouseIndex null:com.github.coolcool.sloth.lianjiadb.model.Houseindex@38bca6fd
2017-05-14 21:59:32.844  INFO 23960 --- [taskScheduler-1] c.g.c.s.l.service.ProcessService         : tempHouseIndex :{"code":"GZ0002596032","hasdetail":0,"url":"http://gz.lianjia.com/ershoufang/GZ0002596032.html"}
2017-05-14 21:59:32.846  INFO 23960 --- [taskScheduler-1] c.g.c.s.l.service.ProcessService         : tempHouseIndex null:com.github.coolcool.sloth.lianjiadb.model.Houseindex@3efa7cb0
2017-05-14 21:59:32.846  INFO 23960 --- [taskScheduler-1] c.g.c.s.l.service.ProcessService         : tempHouseIndex :{"code":"GZ0002245485","hasdetail":0,"url":"http://gz.lianjia.com/ershoufang/GZ0002245485.html"}
2017-05-14 21:59:32.847  INFO 23960 --- [taskScheduler-1] c.g.c.s.l.service.ProcessService         : tempHouseIndex null:com.github.coolcool.sloth.lianjiadb.model.Houseindex@305150b5
2017-05-14 21:59:32.848  INFO 23960 --- [taskScheduler-1] c.g.c.s.l.service.ProcessService         : tempHouseIndex :{"code":"GZ0002233054","hasdetail":0,"url":"http://gz.lianjia.com/ershoufang/GZ0002233054.html"}
2017-05-14 21:59:32.850  INFO 23960 --- [taskScheduler-1] c.g.c.s.l.service.ProcessService         : tempHouseIndex null:com.github.coolcool.sloth.lianjiadb.model.Houseindex@4c5bbe55
2017-05-14 21:59:32.850  INFO 23960 --- [taskScheduler-1] c.g.c.s.l.service.ProcessService         : tempHouseIndex :{"code":"GZ0002431803","hasdetail":0,"url":"http://gz.lianjia.com/ershoufang/GZ0002431803.html"}
2017-05-14 21:59:32.852  INFO 23960 --- [taskScheduler-1] c.g.c.s.l.service.ProcessService         : tempHouseIndex null:com.github.coolcool.sloth.lianjiadb.model.Houseindex@10761913
2017-05-14 21:59:32.853  INFO 23960 --- [taskScheduler-1] c.g.c.s.l.service.ProcessService         : tempHouseIndex :{"code":"GZ0002620324","hasdetail":0,"url":"http://gz.lianjia.com/ershoufang/GZ0002620324.html"}
2017-05-14 21:59:32.855  INFO 23960 --- [taskScheduler-1] c.g.c.s.l.service.ProcessService         : tempHouseIndex null:com.github.coolcool.sloth.lianjiadb.model.Houseindex@20dbe4ff
2017-05-14 21:59:32.856  INFO 23960 --- [taskScheduler-1] c.g.c.s.l.service.ProcessService         : tempHouseIndex :{"code":"GZ0002619628","hasdetail":0,"url":"http://gz.lianjia.com/ershoufang/GZ0002619628.html"}
2017-05-14 21:59:32.858  INFO 23960 --- [taskScheduler-1] c.g.c.s.l.service.ProcessService         : tempHouseIndex null:com.github.coolcool.sloth.lianjiadb.model.Houseindex@41e215ee
2017-05-14 21:59:32.859  INFO 23960 --- [taskScheduler-1] c.g.c.s.l.service.ProcessService         : tempHouseIndex :{"code":"GZ0002620116","hasdetail":0,"url":"http://gz.lianjia.com/ershoufang/GZ0002620116.html"}
2017-05-14 21:59:32.860  INFO 23960 --- [taskScheduler-1] c.g.c.s.l.service.ProcessService         : tempHouseIndex null:com.github.coolcool.sloth.lianjiadb.model.Houseindex@f8888d9
2017-05-14 21:59:32.860  INFO 23960 --- [taskScheduler-1] c.g.c.s.l.service.ProcessService         : tempHouseIndex :{"code":"GZ0002559425","hasdetail":0,"url":"http://gz.lianjia.com/ershoufang/GZ0002559425.html"}
2017-05-14 21:59:32.862  INFO 23960 --- [taskScheduler-1] c.g.c.s.l.service.ProcessService         : tempHouseIndex null:com.github.coolcool.sloth.lianjiadb.model.Houseindex@769affbf
2017-05-14 21:59:32.862  INFO 23960 --- [taskScheduler-1] c.g.c.s.l.service.ProcessService         : tempHouseIndex :{"code":"GZ0002407926","hasdetail":0,"url":"http://gz.lianjia.com/ershoufang/GZ0002407926.html"}
2017-05-14 21:59:32.864  INFO 23960 --- [taskScheduler-1] c.g.c.s.l.service.ProcessService         : tempHouseIndex null:com.github.coolcool.sloth.lianjiadb.model.Houseindex@43ecab59
2017-05-14 21:59:32.865  INFO 23960 --- [taskScheduler-1] c.g.c.s.l.service.ProcessService         : tempHouseIndex :{"code":"GZ0002654448","hasdetail":0,"url":"http://gz.lianjia.com/ershoufang/GZ0002654448.html"}
2017-05-14 21:59:32.867  INFO 23960 --- [taskScheduler-1] c.g.c.s.l.service.ProcessService         : tempHouseIndex null:com.github.coolcool.sloth.lianjiadb.model.Houseindex@c1bfb8e
2017-05-14 21:59:32.867  INFO 23960 --- [taskScheduler-1] c.g.c.s.l.service.ProcessService         : tempHouseIndex :{"code":"GZ0002617907","hasdetail":0,"url":"http://gz.lianjia.com/ershoufang/GZ0002617907.html"}
2017-05-14 21:59:32.869  INFO 23960 --- [taskScheduler-1] c.g.c.s.l.service.ProcessService         : tempHouseIndex null:com.github.coolcool.sloth.lianjiadb.model.Houseindex@5985c753
2017-05-14 21:59:32.870  INFO 23960 --- [taskScheduler-1] c.g.c.s.l.service.ProcessService         : tempHouseIndex :{"code":"GZ0002608394","hasdetail":0,"url":"http://gz.lianjia.com/ershoufang/GZ0002608394.html"}
2017-05-14 21:59:32.871  INFO 23960 --- [taskScheduler-1] c.g.c.s.l.service.ProcessService         : tempHouseIndex null:com.github.coolcool.sloth.lianjiadb.model.Houseindex@2e307b88
2017-05-14 21:59:32.872  INFO 23960 --- [taskScheduler-1] c.g.c.s.l.service.ProcessService         : tempHouseIndex :{"code":"GZ0002620054","hasdetail":0,"url":"http://gz.lianjia.com/ershoufang/GZ0002620054.html"}
2017-05-14 21:59:32.873  INFO 23960 --- [taskScheduler-1] c.g.c.s.l.service.ProcessService         : tempHouseIndex null:com.github.coolcool.sloth.lianjiadb.model.Houseindex@25224c16
2017-05-14 21:59:32.874  INFO 23960 --- [taskScheduler-1] c.g.c.s.l.service.ProcessService         : tempHouseIndex :{"code":"GZ0002599183","hasdetail":0,"url":"http://gz.lianjia.com/ershoufang/GZ0002599183.html"}
2017-05-14 21:59:32.875  INFO 23960 --- [taskScheduler-1] c.g.c.s.l.service.ProcessService         : tempHouseIndex null:com.github.coolcool.sloth.lianjiadb.model.Houseindex@2f1f263b
2017-05-14 21:59:32.875  INFO 23960 --- [taskScheduler-1] c.g.c.s.l.service.ProcessService         : tempHouseIndex :{"code":"GZ0002197636","hasdetail":0,"url":"http://gz.lianjia.com/ershoufang/GZ0002197636.html"}
2017-05-14 21:59:32.877  INFO 23960 --- [taskScheduler-1] c.g.c.s.l.service.ProcessService         : tempHouseIndex null:com.github.coolcool.sloth.lianjiadb.model.Houseindex@3df6a366
2017-05-14 21:59:32.877  INFO 23960 --- [taskScheduler-1] c.g.c.s.l.service.ProcessService         : tempHouseIndex :{"code":"GZ0002649399","hasdetail":0,"url":"http://gz.lianjia.com/ershoufang/GZ0002649399.html"}
2017-05-14 21:59:32.879  INFO 23960 --- [taskScheduler-1] c.g.c.s.l.service.ProcessService         : tempHouseIndex null:com.github.coolcool.sloth.lianjiadb.model.Houseindex@791c9c8
2017-05-14 21:59:32.879  INFO 23960 --- [taskScheduler-1] c.g.c.s.l.service.ProcessService         : tempHouseIndex :{"code":"GZ0002287009","hasdetail":0,"url":"http://gz.lianjia.com/ershoufang/GZ0002287009.html"}
2017-05-14 21:59:32.880  INFO 23960 --- [taskScheduler-1] c.g.c.s.l.service.ProcessService         : tempHouseIndex null:com.github.coolcool.sloth.lianjiadb.model.Houseindex@3f9102e4
2017-05-14 21:59:32.881  INFO 23960 --- [taskScheduler-1] c.g.c.s.l.service.ProcessService         : tempHouseIndex :{"code":"GZ0002647297","hasdetail":0,"url":"http://gz.lianjia.com/ershoufang/GZ0002647297.html"}
2017-05-14 21:59:32.882  INFO 23960 --- [taskScheduler-1] c.g.c.s.l.service.ProcessService         : tempHouseIndex null:com.github.coolcool.sloth.lianjiadb.model.Houseindex@1b47a02f
2017-05-14 21:59:32.883  INFO 23960 --- [taskScheduler-1] c.g.c.s.l.service.ProcessService         : tempHouseIndex :{"code":"GZ0002590831","hasdetail":0,"url":"http://gz.lianjia.com/ershoufang/GZ0002590831.html"}
2017-05-14 21:59:32.884  INFO 23960 --- [taskScheduler-1] c.g.c.s.l.service.ProcessService         : tempHouseIndex null:com.github.coolcool.sloth.lianjiadb.model.Houseindex@2a62b80
2017-05-14 21:59:32.885  INFO 23960 --- [taskScheduler-1] c.g.c.s.l.service.ProcessService         : tempHouseIndex :{"code":"GZ0002648729","hasdetail":0,"url":"http://gz.lianjia.com/ershoufang/GZ0002648729.html"}
2017-05-14 21:59:32.887  INFO 23960 --- [taskScheduler-1] c.g.c.s.l.service.ProcessService         : tempHouseIndex null:com.github.coolcool.sloth.lianjiadb.model.Houseindex@250f5da8
2017-05-14 21:59:32.888  INFO 23960 --- [taskScheduler-1] c.g.c.s.l.service.ProcessService         : tempHouseIndex :{"code":"GZ0002583150","hasdetail":0,"url":"http://gz.lianjia.com/ershoufang/GZ0002583150.html"}
2017-05-14 21:59:32.889  INFO 23960 --- [taskScheduler-1] c.g.c.s.l.service.ProcessService         : tempHouseIndex null:com.github.coolcool.sloth.lianjiadb.model.Houseindex@3cb2a5ea
2017-05-14 21:59:32.890  INFO 23960 --- [taskScheduler-1] c.g.c.s.l.service.ProcessService         : tempHouseIndex :{"code":"GZ0002602506","hasdetail":0,"url":"http://gz.lianjia.com/ershoufang/GZ0002602506.html"}
2017-05-14 21:59:32.892  INFO 23960 --- [taskScheduler-1] c.g.c.s.l.service.ProcessService         : tempHouseIndex null:com.github.coolcool.sloth.lianjiadb.model.Houseindex@49455bb
2017-05-14 21:59:32.945  INFO 23960 --- [taskScheduler-1] c.g.c.s.l.service.ProcessService         : saved selling house index : {"code":"GZ0002719176","hasdetail":0,"status":1,"updatetime":1494770372892,"url":"http://gz.lianjia.com/ershoufang/GZ0002719176.html"}
2017-05-14 21:59:32.948  INFO 23960 --- [taskScheduler-1] c.g.c.s.l.service.ProcessService         : tempHouseIndex null:com.github.coolcool.sloth.lianjiadb.model.Houseindex@d6b1ec3
2017-05-14 21:59:32.948  INFO 23960 --- [taskScheduler-1] c.g.c.s.l.service.ProcessService         : tempHouseIndex :{"code":"GZ0002616289","hasdetail":0,"url":"http://gz.lianjia.com/ershoufang/GZ0002616289.html"}
2017-05-14 21:59:32.950  INFO 23960 --- [taskScheduler-1] c.g.c.s.l.service.ProcessService         : tempHouseIndex null:com.github.coolcool.sloth.lianjiadb.model.Houseindex@2441b555
2017-05-14 21:59:32.951  INFO 23960 --- [taskScheduler-1] c.g.c.s.l.service.ProcessService         : tempHouseIndex :{"code":"GZ0002603075","hasdetail":0,"url":"http://gz.lianjia.com/ershoufang/GZ0002603075.html"}
2017-05-14 21:59:32.953  INFO 23960 --- [taskScheduler-1] c.g.c.s.l.service.ProcessService         : tempHouseIndex null:com.github.coolcool.sloth.lianjiadb.model.Houseindex@13e5a812
2017-05-14 21:59:32.954  INFO 23960 --- [taskScheduler-1] c.g.c.s.l.service.ProcessService         : tempHouseIndex :{"code":"GZ0002590914","hasdetail":0,"url":"http://gz.lianjia.com/ershoufang/GZ0002590914.html"}
2017-05-14 21:59:32.955  INFO 23960 --- [taskScheduler-1] c.g.c.s.l.service.ProcessService         : tempHouseIndex null:com.github.coolcool.sloth.lianjiadb.model.Houseindex@196e8d52
2017-05-14 21:59:32.967  INFO 23960 --- [taskScheduler-1] c.g.c.s.l.service.ProcessService         : saved selling house index : {"code":"GZ0002715954","hasdetail":0,"status":1,"updatetime":1494770372956,"url":"http://gz.lianjia.com/ershoufang/GZ0002715954.html"}
2017-05-14 21:59:32.969  INFO 23960 --- [taskScheduler-1] c.g.c.s.l.service.ProcessService         : tempHouseIndex null:com.github.coolcool.sloth.lianjiadb.model.Houseindex@74091363
2017-05-14 21:59:32.969  INFO 23960 --- [taskScheduler-1] c.g.c.s.l.service.ProcessService         : tempHouseIndex :{"code":"GZ0002651689","hasdetail":0,"url":"http://gz.lianjia.com/ershoufang/GZ0002651689.html"}
2017-05-14 21:59:33.489  INFO 23960 --- [taskScheduler-1] c.g.c.s.l.s.impl.support.LianjiaWebUtil  : start fetching area=shuiyin,pageNo=2
2017-05-14 21:59:34.375  INFO 23960 --- [taskScheduler-1] c.g.c.s.l.s.impl.support.LianjiaWebUtil  : area=shuiyin size : 9
2017-05-14 21:59:34.879  INFO 23960 --- [taskScheduler-1] c.g.c.s.l.service.ProcessService         : tempHouseIndex null:com.github.coolcool.sloth.lianjiadb.model.Houseindex@420e20c4
2017-05-14 21:59:34.879  INFO 23960 --- [taskScheduler-1] c.g.c.s.l.service.ProcessService         : tempHouseIndex :{"code":"GZ0002334701","hasdetail":0,"url":"http://gz.lianjia.com/ershoufang/GZ0002334701.html"}
2017-05-14 21:59:34.883  INFO 23960 --- [taskScheduler-1] c.g.c.s.l.service.ProcessService         : tempHouseIndex null:com.github.coolcool.sloth.lianjiadb.model.Houseindex@763d206d
2017-05-14 21:59:34.883  INFO 23960 --- [taskScheduler-1] c.g.c.s.l.service.ProcessService         : tempHouseIndex :{"code":"GZ0002652045","hasdetail":0,"url":"http://gz.lianjia.com/ershoufang/GZ0002652045.html"}
2017-05-14 21:59:34.886  INFO 23960 --- [taskScheduler-1] c.g.c.s.l.service.ProcessService         : tempHouseIndex null:com.github.coolcool.sloth.lianjiadb.model.Houseindex@b108437
2017-05-14 21:59:34.887  INFO 23960 --- [taskScheduler-1] c.g.c.s.l.service.ProcessService         : tempHouseIndex :{"code":"GZ0002334702","hasdetail":0,"url":"http://gz.lianjia.com/ershoufang/GZ0002334702.html"}
2017-05-14 21:59:34.890  INFO 23960 --- [taskScheduler-1] c.g.c.s.l.service.ProcessService         : tempHouseIndex null:com.github.coolcool.sloth.lianjiadb.model.Houseindex@1edca98c
2017-05-14 21:59:34.945  INFO 23960 --- [taskScheduler-1] c.g.c.s.l.service.ProcessService         : saved selling house index : {"code":"GZ0002722808","hasdetail":0,"status":1,"updatetime":1494770374891,"url":"http://gz.lianjia.com/ershoufang/GZ0002722808.html"}
2017-05-14 21:59:34.947  INFO 23960 --- [taskScheduler-1] c.g.c.s.l.service.ProcessService         : tempHouseIndex null:com.github.coolcool.sloth.lianjiadb.model.Houseindex@11e6b0b6
2017-05-14 21:59:34.947  INFO 23960 --- [taskScheduler-1] c.g.c.s.l.service.ProcessService         : tempHouseIndex :{"code":"GZ0002656977","hasdetail":0,"url":"http://gz.lianjia.com/ershoufang/GZ0002656977.html"}
2017-05-14 21:59:34.949  INFO 23960 --- [taskScheduler-1] c.g.c.s.l.service.ProcessService         : tempHouseIndex null:com.github.coolcool.sloth.lianjiadb.model.Houseindex@25ad0991
2017-05-14 21:59:34.949  INFO 23960 --- [taskScheduler-1] c.g.c.s.l.service.ProcessService         : tempHouseIndex :{"code":"GZ0002554698","hasdetail":0,"url":"http://gz.lianjia.com/ershoufang/GZ0002554698.html"}
2017-05-14 21:59:34.951  INFO 23960 --- [taskScheduler-1] c.g.c.s.l.service.ProcessService         : tempHouseIndex null:com.github.coolcool.sloth.lianjiadb.model.Houseindex@2734b9f
2017-05-14 21:59:34.951  INFO 23960 --- [taskScheduler-1] c.g.c.s.l.service.ProcessService         : tempHouseIndex :{"code":"GZ0002342865","hasdetail":0,"url":"http://gz.lianjia.com/ershoufang/GZ0002342865.html"}
2017-05-14 21:59:34.952  INFO 23960 --- [taskScheduler-1] c.g.c.s.l.service.ProcessService         : tempHouseIndex null:com.github.coolcool.sloth.lianjiadb.model.Houseindex@17220daf
2017-05-14 21:59:34.953  INFO 23960 --- [taskScheduler-1] c.g.c.s.l.service.ProcessService         : tempHouseIndex :{"code":"GZ0002308350","hasdetail":0,"url":"http://gz.lianjia.com/ershoufang/GZ0002308350.html"}
2017-05-14 21:59:34.954  INFO 23960 --- [taskScheduler-1] c.g.c.s.l.service.ProcessService         : tempHouseIndex null:com.github.coolcool.sloth.lianjiadb.model.Houseindex@3e2444f7
2017-05-14 21:59:34.967  INFO 23960 --- [taskScheduler-1] c.g.c.s.l.service.ProcessService         : saved selling house index : {"code":"GZ0002720763","hasdetail":0,"status":1,"updatetime":1494770374954,"url":"http://gz.lianjia.com/ershoufang/GZ0002720763.html"}
2017-05-14 21:59:37.359  INFO 23960 --- [taskScheduler-1] c.g.c.s.l.service.ProcessService         : shuiyin chengjiao total pageno is 3
2017-05-14 21:59:37.359  INFO 23960 --- [taskScheduler-1] c.g.c.s.l.s.impl.support.LianjiaWebUtil  : start fetching chengjiao area=shuiyin,pageNo=0
2017-05-14 21:59:38.171  INFO 23960 --- [taskScheduler-1] c.g.c.s.l.s.impl.support.LianjiaWebUtil  : area=shuiyin size : 30
2017-05-14 21:59:38.767  INFO 23960 --- [taskScheduler-1] c.g.c.s.l.service.ProcessService         : saved sold houseindex : {"code":"GZ0002603441","createtime":1494770378700,"hasdetail":0,"status":2,"updatetime":1494770378700,"url":"http://gz.lianjia.com/chengjiao/GZ0002603441.html"}
2017-05-14 21:59:39.301  INFO 23960 --- [taskScheduler-1] c.g.c.s.l.s.impl.support.LianjiaWebUtil  : start fetching chengjiao area=shuiyin,pageNo=2
2017-05-14 21:59:40.284  INFO 23960 --- [taskScheduler-1] c.g.c.s.l.s.impl.support.LianjiaWebUtil  : area=shuiyin size : 30
2017-05-14 21:59:40.889  INFO 23960 --- [taskScheduler-1] c.g.c.s.l.service.ProcessService         : changed sold houseindex :{"code":"GZ0002603441","hasdetail":0,"url":"http://gz.lianjia.com/chengjiao/GZ0002603441.html"}
2017-05-14 22:00:00.001  INFO 23960 --- [taskScheduler-1] c.g.c.s.l.t.FetchHouseIndexTimeTask      : 开始执行houseUrlsFetching...
2017-05-14 22:00:00.001  INFO 23960 --- [taskScheduler-4] .g.c.s.l.t.GenAndExeDailyProcessTimeTask : 开始执行houseDetailFetching...
2017-05-14 22:00:01.141  INFO 23960 --- [taskScheduler-1] c.g.c.s.l.service.ProcessService         : dongguanzhuang chengjiao total pageno is 1
2017-05-14 22:00:01.141  INFO 23960 --- [taskScheduler-1] c.g.c.s.l.s.impl.support.LianjiaWebUtil  : start fetching chengjiao area=dongguanzhuang,pageNo=1
2017-05-14 22:00:01.776  INFO 23960 --- [taskScheduler-1] c.g.c.s.l.s.impl.support.LianjiaWebUtil  : area=dongguanzhuang size : 30
2017-05-14 22:00:02.347  INFO 23960 --- [taskScheduler-1] c.g.c.s.l.service.ProcessService         : changed sold houseindex :{"code":"GZ0002586232","hasdetail":0,"url":"http://gz.lianjia.com/chengjiao/GZ0002586232.html"}
2017-05-14 22:00:02.364  INFO 23960 --- [taskScheduler-1] c.g.c.s.l.service.ProcessService         : changed sold houseindex :{"code":"GZ0002334847","hasdetail":0,"url":"http://gz.lianjia.com/chengjiao/GZ0002334847.html"}
2017-05-14 22:00:02.380  INFO 23960 --- [taskScheduler-1] c.g.c.s.l.service.ProcessService         : changed sold houseindex :{"code":"GZ0002443689","hasdetail":0,"url":"http://gz.lianjia.com/chengjiao/GZ0002443689.html"}
2017-05-14 22:00:02.398  INFO 23960 --- [taskScheduler-1] c.g.c.s.l.service.ProcessService         : changed sold houseindex :{"code":"GZ0001264286","hasdetail":0,"url":"http://gz.lianjia.com/chengjiao/GZ0001264286.html"}
2017-05-14 22:00:02.414  INFO 23960 --- [taskScheduler-1] c.g.c.s.l.service.ProcessService         : changed sold houseindex :{"code":"GZ0002087118","hasdetail":0,"url":"http://gz.lianjia.com/chengjiao/GZ0002087118.html"}
2017-05-14 22:00:02.436  INFO 23960 --- [taskScheduler-1] c.g.c.s.l.service.ProcessService         : changed sold houseindex :{"code":"GZ0001730282","hasdetail":0,"url":"http://gz.lianjia.com/chengjiao/GZ0001730282.html"}
2017-05-14 22:00:02.458  INFO 23960 --- [taskScheduler-1] c.g.c.s.l.service.ProcessService         : changed sold houseindex :{"code":"GZ0002178179","hasdetail":0,"url":"http://gz.lianjia.com/chengjiao/GZ0002178179.html"}
2017-05-14 22:00:02.480  INFO 23960 --- [taskScheduler-1] c.g.c.s.l.service.ProcessService         : changed sold houseindex :{"code":"GZ0002379644","hasdetail":0,"url":"http://gz.lianjia.com/chengjiao/GZ0002379644.html"}
2017-05-14 22:00:02.503  INFO 23960 --- [taskScheduler-1] c.g.c.s.l.service.ProcessService         : changed sold houseindex :{"code":"GZ0002194634","hasdetail":0,"url":"http://gz.lianjia.com/chengjiao/GZ0002194634.html"}
2017-05-14 22:00:02.546  INFO 23960 --- [taskScheduler-1] c.g.c.s.l.service.ProcessService         : changed sold houseindex :{"code":"GZ0002000436","hasdetail":0,"url":"http://gz.lianjia.com/chengjiao/GZ0002000436.html"}
2017-05-14 22:00:02.608  INFO 23960 --- [taskScheduler-1] c.g.c.s.l.service.ProcessService         : changed sold houseindex :{"code":"GZ0001534941","hasdetail":0,"url":"http://gz.lianjia.com/chengjiao/GZ0001534941.html"}
2017-05-14 22:00:02.647  INFO 23960 --- [taskScheduler-1] c.g.c.s.l.service.ProcessService         : changed sold houseindex :{"code":"GZ0002275556","hasdetail":0,"url":"http://gz.lianjia.com/chengjiao/GZ0002275556.html"}
2017-05-14 22:00:02.669  INFO 23960 --- [taskScheduler-1] c.g.c.s.l.service.ProcessService         : changed sold houseindex :{"code":"GZ0002324378","hasdetail":0,"url":"http://gz.lianjia.com/chengjiao/GZ0002324378.html"}
2017-05-14 22:00:02.692  INFO 23960 --- [taskScheduler-1] c.g.c.s.l.service.ProcessService         : changed sold houseindex :{"code":"GZ0001918727","hasdetail":0,"url":"http://gz.lianjia.com/chengjiao/GZ0001918727.html"}
2017-05-14 22:00:02.713  INFO 23960 --- [taskScheduler-1] c.g.c.s.l.service.ProcessService         : changed sold houseindex :{"code":"GZ0002231664","hasdetail":0,"url":"http://gz.lianjia.com/chengjiao/GZ0002231664.html"}
2017-05-14 22:00:02.736  INFO 23960 --- [taskScheduler-1] c.g.c.s.l.service.ProcessService         : changed sold houseindex :{"code":"GZ0002536793","hasdetail":0,"url":"http://gz.lianjia.com/chengjiao/GZ0002536793.html"}
2017-05-14 22:00:02.758  INFO 23960 --- [taskScheduler-1] c.g.c.s.l.service.ProcessService         : changed sold houseindex :{"code":"GZ0002549925","hasdetail":0,"url":"http://gz.lianjia.com/chengjiao/GZ0002549925.html"}
2017-05-14 22:00:02.781  INFO 23960 --- [taskScheduler-1] c.g.c.s.l.service.ProcessService         : changed sold houseindex :{"code":"GZ0002437023","hasdetail":0,"url":"http://gz.lianjia.com/chengjiao/GZ0002437023.html"}
2017-05-14 22:00:02.802  INFO 23960 --- [taskScheduler-1] c.g.c.s.l.service.ProcessService         : changed sold houseindex :{"code":"GZ0001746461","hasdetail":0,"url":"http://gz.lianjia.com/chengjiao/GZ0001746461.html"}
2017-05-14 22:00:02.825  INFO 23960 --- [taskScheduler-1] c.g.c.s.l.service.ProcessService         : changed sold houseindex :{"code":"GZ0002245967","hasdetail":0,"url":"http://gz.lianjia.com/chengjiao/GZ0002245967.html"}
2017-05-14 22:00:02.847  INFO 23960 --- [taskScheduler-1] c.g.c.s.l.service.ProcessService         : changed sold houseindex :{"code":"GZ0002333996","hasdetail":0,"url":"http://gz.lianjia.com/chengjiao/GZ0002333996.html"}
2017-05-14 22:00:02.870  INFO 23960 --- [taskScheduler-1] c.g.c.s.l.service.ProcessService         : changed sold houseindex :{"code":"GZ0001993146","hasdetail":0,"url":"http://gz.lianjia.com/chengjiao/GZ0001993146.html"}
2017-05-14 22:00:02.891  INFO 23960 --- [taskScheduler-1] c.g.c.s.l.service.ProcessService         : changed sold houseindex :{"code":"GZ0002401528","hasdetail":0,"url":"http://gz.lianjia.com/chengjiao/GZ0002401528.html"}
2017-05-14 22:00:02.914  INFO 23960 --- [taskScheduler-1] c.g.c.s.l.service.ProcessService         : changed sold houseindex :{"code":"GZ0001574178","hasdetail":0,"url":"http://gz.lianjia.com/chengjiao/GZ0001574178.html"}
2017-05-14 22:00:02.935  INFO 23960 --- [taskScheduler-1] c.g.c.s.l.service.ProcessService         : changed sold houseindex :{"code":"GZ0001706646","hasdetail":0,"url":"http://gz.lianjia.com/chengjiao/GZ0001706646.html"}
2017-05-14 22:00:02.958  INFO 23960 --- [taskScheduler-1] c.g.c.s.l.service.ProcessService         : changed sold houseindex :{"code":"GZ0002532162","hasdetail":0,"url":"http://gz.lianjia.com/chengjiao/GZ0002532162.html"}
2017-05-14 22:00:02.980  INFO 23960 --- [taskScheduler-1] c.g.c.s.l.service.ProcessService         : changed sold houseindex :{"code":"GZ0002384551","hasdetail":0,"url":"http://gz.lianjia.com/chengjiao/GZ0002384551.html"}
2017-05-14 22:00:03.003  INFO 23960 --- [taskScheduler-1] c.g.c.s.l.service.ProcessService         : changed sold houseindex :{"code":"GZ0002333058","hasdetail":0,"url":"http://gz.lianjia.com/chengjiao/GZ0002333058.html"}
2017-05-14 22:00:03.024  INFO 23960 --- [taskScheduler-1] c.g.c.s.l.service.ProcessService         : changed sold houseindex :{"code":"GZ0002442588","hasdetail":0,"url":"http://gz.lianjia.com/chengjiao/GZ0002442588.html"}
2017-05-14 22:00:03.047  INFO 23960 --- [taskScheduler-1] c.g.c.s.l.service.ProcessService         : changed sold houseindex :{"code":"GZ0001240137","hasdetail":0,"url":"http://gz.lianjia.com/chengjiao/GZ0001240137.html"}
2017-05-14 22:00:04.466  INFO 23960 --- [taskScheduler-1] c.g.c.s.l.service.ProcessService         : dongzhan chengjiao total pageno is 1
2017-05-14 22:00:04.466  INFO 23960 --- [taskScheduler-1] c.g.c.s.l.s.impl.support.LianjiaWebUtil  : start fetching chengjiao area=dongzhan,pageNo=1
2017-05-14 22:00:04.769  INFO 23960 --- [taskScheduler-1] c.g.c.s.l.s.impl.support.LianjiaWebUtil  : area=dongzhan size : 3
2017-05-14 22:00:07.483  INFO 23960 --- [taskScheduler-1] c.g.c.s.l.service.ProcessService         : chebei chengjiao total pageno is 3
2017-05-14 22:00:07.483  INFO 23960 --- [taskScheduler-1] c.g.c.s.l.s.impl.support.LianjiaWebUtil  : start fetching chengjiao area=chebei,pageNo=3
2017-05-14 22:00:07.972  INFO 23960 --- [taskScheduler-1] c.g.c.s.l.s.impl.support.LianjiaWebUtil  : area=chebei size : 30
2017-05-14 22:00:10.632  INFO 23960 --- [taskScheduler-1] c.g.c.s.l.service.ProcessService         : shuiyin chengjiao total pageno is 3
2017-05-14 22:00:10.632  INFO 23960 --- [taskScheduler-1] c.g.c.s.l.s.impl.support.LianjiaWebUtil  : start fetching chengjiao area=shuiyin,pageNo=3
2017-05-14 22:00:11.001  INFO 23960 --- [taskScheduler-1] c.g.c.s.l.s.impl.support.LianjiaWebUtil  : area=shuiyin size : 30
2017-05-14 22:01:00.001  INFO 23960 --- [taskScheduler-3] c.g.c.s.l.t.FetchHouseIndexTimeTask      : 开始执行houseUrlsFetching...
2017-05-14 22:01:00.001  INFO 23960 --- [taskScheduler-2] .g.c.s.l.t.GenAndExeDailyProcessTimeTask : 开始执行houseDetailFetching...
2017-05-14 22:01:00.354  INFO 23960 --- [taskScheduler-1] c.g.c.s.lianjiadb.common.MyHttpClient    : remove available HttpProxyConfigs :{"host":"","id":1,"password":"","port":0,"status":0,"type":0,"username":""}
2017-05-14 22:01:00.354  INFO 23960 --- [taskScheduler-1] c.g.c.s.lianjiadb.common.MyHttpClient    : set myhttpclient not available....
2017-05-14 22:01:00.841  INFO 23960 --- [taskScheduler-2] c.g.c.s.l.service.ProcessService         : house title is null {"cartcount":0,"code":"GZ0002596032","favcount":0,"roomSize":0,"url":"http://gz.lianjia.com/ershoufang/GZ0002596032.html"}
2017-05-14 22:02:00.441  INFO 23960 --- [taskScheduler-4] c.g.c.s.lianjiadb.common.MyHttpClient    : set myhttpclient available....
2017-05-14 22:02:00.441  INFO 23960 --- [taskScheduler-4] c.g.c.s.lianjiadb.common.MyHttpClient    : add available HttpProxyConfigs :{"host":"","id":1,"password":"","port":0,"status":1,"type":0,"username":""}
2017-05-14 22:03:00.000  INFO 23960 --- [taskScheduler-2] c.g.c.s.l.t.FetchHouseIndexTimeTask      : 开始执行houseUrlsFetching...
2017-05-14 22:03:00.000  INFO 23960 --- [taskScheduler-3] .g.c.s.l.t.GenAndExeDailyProcessTimeTask : 开始执行houseDetailFetching...
2017-05-14 22:04:00.001  INFO 23960 --- [taskScheduler-4] c.g.c.s.l.t.FetchHouseIndexTimeTask      : 开始执行houseUrlsFetching...
2017-05-14 22:04:00.001  INFO 23960 --- [taskScheduler-2] .g.c.s.l.t.GenAndExeDailyProcessTimeTask : 开始执行houseDetailFetching...
2017-05-14 22:05:00.000  INFO 23960 --- [taskScheduler-4] c.g.c.s.l.t.FetchHouseIndexTimeTask      : 开始执行houseUrlsFetching...
2017-05-14 22:05:00.002  INFO 23960 --- [taskScheduler-2] .g.c.s.l.t.GenAndExeDailyProcessTimeTask : 开始执行houseDetailFetching...
2017-05-14 22:06:00.000  INFO 23960 --- [taskScheduler-2] .g.c.s.l.t.GenAndExeDailyProcessTimeTask : 开始执行houseDetailFetching...
2017-05-14 22:06:00.000  INFO 23960 --- [taskScheduler-4] c.g.c.s.l.t.FetchHouseIndexTimeTask      : 开始执行houseUrlsFetching...
2017-05-14 22:07:00.001  INFO 23960 --- [taskScheduler-1] .g.c.s.l.t.GenAndExeDailyProcessTimeTask : 开始执行houseDetailFetching...
2017-05-14 22:07:00.002  INFO 23960 --- [taskScheduler-4] c.g.c.s.l.t.FetchHouseIndexTimeTask      : 开始执行houseUrlsFetching...
2017-05-14 22:08:00.002  INFO 23960 --- [taskScheduler-2] .g.c.s.l.t.GenAndExeDailyProcessTimeTask : 开始执行houseDetailFetching...
2017-05-14 22:08:00.002  INFO 23960 --- [taskScheduler-4] c.g.c.s.l.t.FetchHouseIndexTimeTask      : 开始执行houseUrlsFetching...
2017-05-14 22:09:00.000  INFO 23960 --- [taskScheduler-2] .g.c.s.l.t.GenAndExeDailyProcessTimeTask : 开始执行houseDetailFetching...
2017-05-14 22:09:00.001  INFO 23960 --- [taskScheduler-4] c.g.c.s.l.t.FetchHouseIndexTimeTask      : 开始执行houseUrlsFetching...
2017-05-14 22:10:00.000  INFO 23960 --- [taskScheduler-4] c.g.c.s.l.t.FetchHouseIndexTimeTask      : 开始执行houseUrlsFetching...
2017-05-14 22:10:00.001  INFO 23960 --- [taskScheduler-2] .g.c.s.l.t.GenAndExeDailyProcessTimeTask : 开始执行houseDetailFetching...
2017-05-14 22:11:00.002  INFO 23960 --- [taskScheduler-2] .g.c.s.l.t.GenAndExeDailyProcessTimeTask : 开始执行houseDetailFetching...
2017-05-14 22:11:00.002  INFO 23960 --- [taskScheduler-4] c.g.c.s.l.t.FetchHouseIndexTimeTask      : 开始执行houseUrlsFetching...
2017-05-14 22:12:00.001  INFO 23960 --- [taskScheduler-4] c.g.c.s.l.t.FetchHouseIndexTimeTask      : 开始执行houseUrlsFetching...
2017-05-14 22:12:00.001  INFO 23960 --- [taskScheduler-1] .g.c.s.l.t.GenAndExeDailyProcessTimeTask : 开始执行houseDetailFetching...
2017-05-14 22:13:00.001  INFO 23960 --- [taskScheduler-4] c.g.c.s.l.t.FetchHouseIndexTimeTask      : 开始执行houseUrlsFetching...
2017-05-14 22:13:00.001  INFO 23960 --- [taskScheduler-2] .g.c.s.l.t.GenAndExeDailyProcessTimeTask : 开始执行houseDetailFetching...
2017-05-14 22:14:00.001  INFO 23960 --- [taskScheduler-2] .g.c.s.l.t.GenAndExeDailyProcessTimeTask : 开始执行houseDetailFetching...
2017-05-14 22:14:00.001  INFO 23960 --- [taskScheduler-1] c.g.c.s.l.t.FetchHouseIndexTimeTask      : 开始执行houseUrlsFetching...
2017-05-14 22:15:00.001  INFO 23960 --- [taskScheduler-2] .g.c.s.l.t.GenAndExeDailyProcessTimeTask : 开始执行houseDetailFetching...
2017-05-14 22:15:00.001  INFO 23960 --- [taskScheduler-4] c.g.c.s.l.t.FetchHouseIndexTimeTask      : 开始执行houseUrlsFetching...
2017-05-14 22:16:00.002  INFO 23960 --- [taskScheduler-1] c.g.c.s.l.t.FetchHouseIndexTimeTask      : 开始执行houseUrlsFetching...
2017-05-14 22:16:00.002  INFO 23960 --- [taskScheduler-4] .g.c.s.l.t.GenAndExeDailyProcessTimeTask : 开始执行houseDetailFetching...
2017-05-14 22:17:00.002  INFO 23960 --- [taskScheduler-2] .g.c.s.l.t.GenAndExeDailyProcessTimeTask : 开始执行houseDetailFetching...
2017-05-14 22:17:00.002  INFO 23960 --- [taskScheduler-1] c.g.c.s.l.t.FetchHouseIndexTimeTask      : 开始执行houseUrlsFetching...
2017-05-14 22:18:00.000  INFO 23960 --- [taskScheduler-4] c.g.c.s.l.t.FetchHouseIndexTimeTask      : 开始执行houseUrlsFetching...
2017-05-14 22:18:00.000  INFO 23960 --- [taskScheduler-1] .g.c.s.l.t.GenAndExeDailyProcessTimeTask : 开始执行houseDetailFetching...
2017-05-14 22:24:17.755  WARN 23960 --- [Hikari housekeeper (pool HikariPool-0)] com.zaxxer.hikari.pool.HikariPool        : HikariPool-0 - Unusual system clock change detected, soft-evicting connections from pool.
2017-05-14 22:24:51.121  INFO 23960 --- [taskScheduler-4] c.g.c.s.l.t.FetchHouseIndexTimeTask      : 开始执行houseUrlsFetching...
2017-05-14 22:24:51.121  INFO 23960 --- [taskScheduler-2] .g.c.s.l.t.GenAndExeDailyProcessTimeTask : 开始执行houseDetailFetching...
2017-05-14 22:25:00.001  INFO 23960 --- [taskScheduler-4] c.g.c.s.l.t.FetchHouseIndexTimeTask      : 开始执行houseUrlsFetching...
2017-05-14 22:25:00.001  INFO 23960 --- [taskScheduler-3] .g.c.s.l.t.GenAndExeDailyProcessTimeTask : 开始执行houseDetailFetching...
2017-05-14 22:26:00.000  INFO 23960 --- [taskScheduler-3] .g.c.s.l.t.GenAndExeDailyProcessTimeTask : 开始执行houseDetailFetching...
2017-05-14 22:26:00.002  INFO 23960 --- [taskScheduler-1] c.g.c.s.l.t.FetchHouseIndexTimeTask      : 开始执行houseUrlsFetching...
2017-05-14 22:27:00.002  INFO 23960 --- [taskScheduler-4] .g.c.s.l.t.GenAndExeDailyProcessTimeTask : 开始执行houseDetailFetching...
2017-05-14 22:27:00.002  INFO 23960 --- [taskScheduler-1] c.g.c.s.l.t.FetchHouseIndexTimeTask      : 开始执行houseUrlsFetching...
2017-05-14 22:28:00.002  INFO 23960 --- [taskScheduler-4] .g.c.s.l.t.GenAndExeDailyProcessTimeTask : 开始执行houseDetailFetching...
2017-05-14 22:28:00.002  INFO 23960 --- [taskScheduler-3] c.g.c.s.l.t.FetchHouseIndexTimeTask      : 开始执行houseUrlsFetching...
2017-05-14 22:29:00.001  INFO 23960 --- [taskScheduler-1] c.g.c.s.l.t.FetchHouseIndexTimeTask      : 开始执行houseUrlsFetching...
2017-05-14 22:29:00.001  INFO 23960 --- [taskScheduler-3] .g.c.s.l.t.GenAndExeDailyProcessTimeTask : 开始执行houseDetailFetching...
2017-05-14 22:30:00.001  INFO 23960 --- [taskScheduler-1] .g.c.s.l.t.GenAndExeDailyProcessTimeTask : 开始执行houseDetailFetching...
2017-05-14 22:30:00.001  INFO 23960 --- [taskScheduler-4] c.g.c.s.l.t.FetchHouseIndexTimeTask      : 开始执行houseUrlsFetching...
2017-05-14 22:31:00.001  INFO 23960 --- [taskScheduler-2] c.g.c.s.l.t.FetchHouseIndexTimeTask      : 开始执行houseUrlsFetching...
2017-05-14 22:31:00.001  INFO 23960 --- [taskScheduler-4] .g.c.s.l.t.GenAndExeDailyProcessTimeTask : 开始执行houseDetailFetching...
2017-05-14 22:32:00.003  INFO 23960 --- [taskScheduler-2] c.g.c.s.l.t.FetchHouseIndexTimeTask      : 开始执行houseUrlsFetching...
2017-05-14 22:32:00.003  INFO 23960 --- [taskScheduler-3] .g.c.s.l.t.GenAndExeDailyProcessTimeTask : 开始执行houseDetailFetching...
2017-05-14 22:33:00.001  INFO 23960 --- [taskScheduler-2] .g.c.s.l.t.GenAndExeDailyProcessTimeTask : 开始执行houseDetailFetching...
2017-05-14 22:33:00.001  INFO 23960 --- [taskScheduler-4] c.g.c.s.l.t.FetchHouseIndexTimeTask      : 开始执行houseUrlsFetching...
2017-05-14 22:34:00.002  INFO 23960 --- [taskScheduler-3] .g.c.s.l.t.GenAndExeDailyProcessTimeTask : 开始执行houseDetailFetching...
2017-05-14 22:34:00.002  INFO 23960 --- [taskScheduler-4] c.g.c.s.l.t.FetchHouseIndexTimeTask      : 开始执行houseUrlsFetching...
2017-05-14 22:35:00.002  INFO 23960 --- [taskScheduler-3] .g.c.s.l.t.GenAndExeDailyProcessTimeTask : 开始执行houseDetailFetching...
2017-05-14 22:35:00.002  INFO 23960 --- [taskScheduler-2] c.g.c.s.l.t.FetchHouseIndexTimeTask      : 开始执行houseUrlsFetching...
2017-05-14 22:36:00.000  INFO 23960 --- [taskScheduler-2] c.g.c.s.l.t.FetchHouseIndexTimeTask      : 开始执行houseUrlsFetching...
2017-05-14 22:36:00.000  INFO 23960 --- [taskScheduler-4] .g.c.s.l.t.GenAndExeDailyProcessTimeTask : 开始执行houseDetailFetching...
2017-05-14 22:37:00.001  INFO 23960 --- [taskScheduler-3] c.g.c.s.l.t.FetchHouseIndexTimeTask      : 开始执行houseUrlsFetching...
2017-05-14 22:37:00.001  INFO 23960 --- [taskScheduler-2] .g.c.s.l.t.GenAndExeDailyProcessTimeTask : 开始执行houseDetailFetching...
2017-05-14 22:38:00.002  INFO 23960 --- [taskScheduler-4] .g.c.s.l.t.GenAndExeDailyProcessTimeTask : 开始执行houseDetailFetching...
2017-05-14 22:38:00.002  INFO 23960 --- [taskScheduler-3] c.g.c.s.l.t.FetchHouseIndexTimeTask      : 开始执行houseUrlsFetching...
2017-05-14 22:39:00.001  INFO 23960 --- [taskScheduler-3] c.g.c.s.l.t.FetchHouseIndexTimeTask      : 开始执行houseUrlsFetching...
2017-05-14 22:39:00.001  INFO 23960 --- [taskScheduler-4] .g.c.s.l.t.GenAndExeDailyProcessTimeTask : 开始执行houseDetailFetching...
2017-05-14 22:40:00.000  INFO 23960 --- [taskScheduler-3] .g.c.s.l.t.GenAndExeDailyProcessTimeTask : 开始执行houseDetailFetching...
2017-05-14 22:40:00.000  INFO 23960 --- [taskScheduler-2] c.g.c.s.l.t.FetchHouseIndexTimeTask      : 开始执行houseUrlsFetching...
2017-05-14 22:41:00.001  INFO 23960 --- [taskScheduler-3] .g.c.s.l.t.GenAndExeDailyProcessTimeTask : 开始执行houseDetailFetching...
2017-05-14 22:41:00.001  INFO 23960 --- [taskScheduler-1] c.g.c.s.l.t.FetchHouseIndexTimeTask      : 开始执行houseUrlsFetching...
2017-05-14 22:42:00.001  INFO 23960 --- [taskScheduler-2] .g.c.s.l.t.GenAndExeDailyProcessTimeTask : 开始执行houseDetailFetching...
2017-05-14 22:42:00.001  INFO 23960 --- [taskScheduler-1] c.g.c.s.l.t.FetchHouseIndexTimeTask      : 开始执行houseUrlsFetching...
2017-05-14 22:43:00.001  INFO 23960 --- [taskScheduler-2] .g.c.s.l.t.GenAndExeDailyProcessTimeTask : 开始执行houseDetailFetching...
2017-05-14 22:43:00.002  INFO 23960 --- [taskScheduler-1] c.g.c.s.l.t.FetchHouseIndexTimeTask      : 开始执行houseUrlsFetching...
2017-05-14 22:44:00.002  INFO 23960 --- [taskScheduler-2] .g.c.s.l.t.GenAndExeDailyProcessTimeTask : 开始执行houseDetailFetching...
2017-05-14 22:44:00.002  INFO 23960 --- [taskScheduler-3] c.g.c.s.l.t.FetchHouseIndexTimeTask      : 开始执行houseUrlsFetching...
2017-05-14 22:45:00.000  INFO 23960 --- [taskScheduler-3] c.g.c.s.l.t.FetchHouseIndexTimeTask      : 开始执行houseUrlsFetching...
2017-05-14 22:45:00.002  INFO 23960 --- [taskScheduler-1] .g.c.s.l.t.GenAndExeDailyProcessTimeTask : 开始执行houseDetailFetching...
2017-05-14 22:46:00.000  INFO 23960 --- [taskScheduler-1] .g.c.s.l.t.GenAndExeDailyProcessTimeTask : 开始执行houseDetailFetching...
2017-05-14 22:46:00.000  INFO 23960 --- [taskScheduler-3] c.g.c.s.l.t.FetchHouseIndexTimeTask      : 开始执行houseUrlsFetching...
2017-05-14 22:47:00.001  INFO 23960 --- [taskScheduler-4] .g.c.s.l.t.GenAndExeDailyProcessTimeTask : 开始执行houseDetailFetching...
2017-05-14 22:47:00.002  INFO 23960 --- [taskScheduler-3] c.g.c.s.l.t.FetchHouseIndexTimeTask      : 开始执行houseUrlsFetching...
2017-05-14 22:48:00.000  INFO 23960 --- [taskScheduler-2] .g.c.s.l.t.GenAndExeDailyProcessTimeTask : 开始执行houseDetailFetching...
2017-05-14 22:48:00.002  INFO 23960 --- [taskScheduler-3] c.g.c.s.l.t.FetchHouseIndexTimeTask      : 开始执行houseUrlsFetching...
2017-05-14 22:49:00.002  INFO 23960 --- [taskScheduler-2] .g.c.s.l.t.GenAndExeDailyProcessTimeTask : 开始执行houseDetailFetching...
2017-05-14 22:49:00.002  INFO 23960 --- [taskScheduler-4] c.g.c.s.l.t.FetchHouseIndexTimeTask      : 开始执行houseUrlsFetching...
2017-05-14 22:50:00.002  INFO 23960 --- [taskScheduler-4] .g.c.s.l.t.GenAndExeDailyProcessTimeTask : 开始执行houseDetailFetching...
2017-05-14 22:50:00.002  INFO 23960 --- [taskScheduler-3] c.g.c.s.l.t.FetchHouseIndexTimeTask      : 开始执行houseUrlsFetching...
2017-05-14 22:51:00.002  INFO 23960 --- [taskScheduler-4] .g.c.s.l.t.GenAndExeDailyProcessTimeTask : 开始执行houseDetailFetching...
2017-05-14 22:51:00.002  INFO 23960 --- [taskScheduler-1] c.g.c.s.l.t.FetchHouseIndexTimeTask      : 开始执行houseUrlsFetching...
2017-05-14 22:52:00.001  INFO 23960 --- [taskScheduler-3] c.g.c.s.l.t.FetchHouseIndexTimeTask      : 开始执行houseUrlsFetching...
2017-05-14 22:52:00.001  INFO 23960 --- [taskScheduler-1] .g.c.s.l.t.GenAndExeDailyProcessTimeTask : 开始执行houseDetailFetching...
2017-05-14 22:53:00.002  INFO 23960 --- [taskScheduler-4] c.g.c.s.l.t.FetchHouseIndexTimeTask      : 开始执行houseUrlsFetching...
2017-05-14 22:53:00.002  INFO 23960 --- [taskScheduler-3] .g.c.s.l.t.GenAndExeDailyProcessTimeTask : 开始执行houseDetailFetching...
2017-05-14 22:54:00.001  INFO 23960 --- [taskScheduler-2] .g.c.s.l.t.GenAndExeDailyProcessTimeTask : 开始执行houseDetailFetching...
2017-05-14 22:54:00.001  INFO 23960 --- [taskScheduler-4] c.g.c.s.l.t.FetchHouseIndexTimeTask      : 开始执行houseUrlsFetching...
2017-05-14 22:55:00.001  INFO 23960 --- [taskScheduler-4] c.g.c.s.l.t.FetchHouseIndexTimeTask      : 开始执行houseUrlsFetching...
2017-05-14 22:55:00.001  INFO 23960 --- [taskScheduler-1] .g.c.s.l.t.GenAndExeDailyProcessTimeTask : 开始执行houseDetailFetching...
2017-05-14 22:56:00.001  INFO 23960 --- [taskScheduler-2] .g.c.s.l.t.GenAndExeDailyProcessTimeTask : 开始执行houseDetailFetching...
2017-05-14 22:56:00.001  INFO 23960 --- [taskScheduler-4] c.g.c.s.l.t.FetchHouseIndexTimeTask      : 开始执行houseUrlsFetching...
2017-05-14 22:57:00.002  INFO 23960 --- [taskScheduler-2] .g.c.s.l.t.GenAndExeDailyProcessTimeTask : 开始执行houseDetailFetching...
2017-05-14 22:57:00.002  INFO 23960 --- [taskScheduler-4] c.g.c.s.l.t.FetchHouseIndexTimeTask      : 开始执行houseUrlsFetching...
2017-05-14 22:58:00.002  INFO 23960 --- [taskScheduler-1] .g.c.s.l.t.GenAndExeDailyProcessTimeTask : 开始执行houseDetailFetching...
2017-05-14 22:58:00.002  INFO 23960 --- [taskScheduler-4] c.g.c.s.l.t.FetchHouseIndexTimeTask      : 开始执行houseUrlsFetching...
2017-05-14 22:59:00.001  INFO 23960 --- [taskScheduler-4] c.g.c.s.l.t.FetchHouseIndexTimeTask      : 开始执行houseUrlsFetching...
2017-05-14 22:59:00.001  INFO 23960 --- [taskScheduler-2] .g.c.s.l.t.GenAndExeDailyProcessTimeTask : 开始执行houseDetailFetching...
2017-05-14 23:00:00.000  INFO 23960 --- [taskScheduler-4] c.g.c.s.l.t.FetchHouseIndexTimeTask      : 开始执行houseUrlsFetching...
2017-05-14 23:00:00.002  INFO 23960 --- [taskScheduler-3] .g.c.s.l.t.GenAndExeDailyProcessTimeTask : 开始执行houseDetailFetching...
2017-05-14 23:01:00.002  INFO 23960 --- [taskScheduler-4] c.g.c.s.l.t.FetchHouseIndexTimeTask      : 开始执行houseUrlsFetching...
2017-05-14 23:01:00.002  INFO 23960 --- [taskScheduler-2] .g.c.s.l.t.GenAndExeDailyProcessTimeTask : 开始执行houseDetailFetching...
2017-05-14 23:02:00.002  INFO 23960 --- [taskScheduler-3] c.g.c.s.l.t.FetchHouseIndexTimeTask      : 开始执行houseUrlsFetching...
2017-05-14 23:02:00.002  INFO 23960 --- [taskScheduler-4] .g.c.s.l.t.GenAndExeDailyProcessTimeTask : 开始执行houseDetailFetching...
2017-05-14 23:03:00.001  INFO 23960 --- [taskScheduler-4] .g.c.s.l.t.GenAndExeDailyProcessTimeTask : 开始执行houseDetailFetching...
2017-05-14 23:03:00.001  INFO 23960 --- [taskScheduler-2] c.g.c.s.l.t.FetchHouseIndexTimeTask      : 开始执行houseUrlsFetching...
2017-05-14 23:04:00.001  INFO 23960 --- [taskScheduler-3] .g.c.s.l.t.GenAndExeDailyProcessTimeTask : 开始执行houseDetailFetching...
2017-05-14 23:04:00.001  INFO 23960 --- [taskScheduler-2] c.g.c.s.l.t.FetchHouseIndexTimeTask      : 开始执行houseUrlsFetching...
2017-05-14 23:05:00.001  INFO 23960 --- [taskScheduler-2] .g.c.s.l.t.GenAndExeDailyProcessTimeTask : 开始执行houseDetailFetching...
2017-05-14 23:05:00.001  INFO 23960 --- [taskScheduler-1] c.g.c.s.l.t.FetchHouseIndexTimeTask      : 开始执行houseUrlsFetching...
2017-05-14 23:06:00.001  INFO 23960 --- [taskScheduler-4] c.g.c.s.l.t.FetchHouseIndexTimeTask      : 开始执行houseUrlsFetching...
2017-05-14 23:06:00.001  INFO 23960 --- [taskScheduler-1] .g.c.s.l.t.GenAndExeDailyProcessTimeTask : 开始执行houseDetailFetching...
2017-05-14 23:07:00.001  INFO 23960 --- [taskScheduler-1] .g.c.s.l.t.GenAndExeDailyProcessTimeTask : 开始执行houseDetailFetching...
2017-05-14 23:07:00.002  INFO 23960 --- [taskScheduler-2] c.g.c.s.l.t.FetchHouseIndexTimeTask      : 开始执行houseUrlsFetching...
2017-05-14 23:08:00.001  INFO 23960 --- [taskScheduler-2] c.g.c.s.l.t.FetchHouseIndexTimeTask      : 开始执行houseUrlsFetching...
2017-05-14 23:08:00.003  INFO 23960 --- [taskScheduler-3] .g.c.s.l.t.GenAndExeDailyProcessTimeTask : 开始执行houseDetailFetching...
2017-05-14 23:09:00.001  INFO 23960 --- [taskScheduler-1] .g.c.s.l.t.GenAndExeDailyProcessTimeTask : 开始执行houseDetailFetching...
2017-05-14 23:09:00.001  INFO 23960 --- [taskScheduler-2] c.g.c.s.l.t.FetchHouseIndexTimeTask      : 开始执行houseUrlsFetching...
2017-05-14 23:10:00.001  INFO 23960 --- [taskScheduler-2] c.g.c.s.l.t.FetchHouseIndexTimeTask      : 开始执行houseUrlsFetching...
2017-05-14 23:10:00.001  INFO 23960 --- [taskScheduler-3] .g.c.s.l.t.GenAndExeDailyProcessTimeTask : 开始执行houseDetailFetching...
2017-05-14 23:10:00.014  INFO 23960 --- [taskScheduler-4] c.g.c.s.lianjiadb.common.MyHttpClient    : remove available HttpProxyConfigs :{"host":"","id":1,"password":"","port":0,"status":0,"type":0,"username":""}
2017-05-14 23:10:00.015  INFO 23960 --- [taskScheduler-4] c.g.c.s.lianjiadb.common.MyHttpClient    : set myhttpclient not available....
2017-05-14 23:11:00.005  INFO 23960 --- [taskScheduler-4] c.g.c.s.lianjiadb.common.MyHttpClient    : set myhttpclient not available....
2017-05-14 23:12:00.006  INFO 23960 --- [taskScheduler-2] c.g.c.s.lianjiadb.common.MyHttpClient    : set myhttpclient not available....
2017-05-14 23:13:00.008  INFO 23960 --- [taskScheduler-4] c.g.c.s.lianjiadb.common.MyHttpClient    : set myhttpclient not available....
2017-05-14 23:14:00.006  INFO 23960 --- [taskScheduler-3] c.g.c.s.lianjiadb.common.MyHttpClient    : set myhttpclient not available....
2017-05-14 23:15:00.004  INFO 23960 --- [taskScheduler-1] c.g.c.s.lianjiadb.common.MyHttpClient    : set myhttpclient not available....
2017-05-14 23:16:00.514  INFO 23960 --- [taskScheduler-3] c.g.c.s.lianjiadb.common.MyHttpClient    : set myhttpclient available....
2017-05-14 23:16:00.515  INFO 23960 --- [taskScheduler-3] c.g.c.s.lianjiadb.common.MyHttpClient    : add available HttpProxyConfigs :{"host":"","id":1,"password":"","port":0,"status":1,"type":0,"username":""}
2017-05-14 23:17:00.000  INFO 23960 --- [taskScheduler-1] c.g.c.s.l.t.FetchHouseIndexTimeTask      : 开始执行houseUrlsFetching...
2017-05-14 23:17:00.000  INFO 23960 --- [taskScheduler-4] .g.c.s.l.t.GenAndExeDailyProcessTimeTask : 开始执行houseDetailFetching...
2017-05-14 23:18:00.002  INFO 23960 --- [taskScheduler-3] .g.c.s.l.t.GenAndExeDailyProcessTimeTask : 开始执行houseDetailFetching...
2017-05-14 23:18:00.002  INFO 23960 --- [taskScheduler-1] c.g.c.s.l.t.FetchHouseIndexTimeTask      : 开始执行houseUrlsFetching...
2017-05-14 23:19:00.001  INFO 23960 --- [taskScheduler-3] .g.c.s.l.t.GenAndExeDailyProcessTimeTask : 开始执行houseDetailFetching...
2017-05-14 23:19:00.001  INFO 23960 --- [taskScheduler-4] c.g.c.s.l.t.FetchHouseIndexTimeTask      : 开始执行houseUrlsFetching...
2017-05-14 23:20:00.002  INFO 23960 --- [taskScheduler-3] .g.c.s.l.t.GenAndExeDailyProcessTimeTask : 开始执行houseDetailFetching...
2017-05-14 23:20:00.002  INFO 23960 --- [taskScheduler-1] c.g.c.s.l.t.FetchHouseIndexTimeTask      : 开始执行houseUrlsFetching...
2017-05-14 23:20:00.007  INFO 23960 --- [taskScheduler-4] c.g.c.s.lianjiadb.common.MyHttpClient    : remove available HttpProxyConfigs :{"host":"","id":1,"password":"","port":0,"status":0,"type":0,"username":""}
2017-05-14 23:20:00.008  INFO 23960 --- [taskScheduler-4] c.g.c.s.lianjiadb.common.MyHttpClient    : set myhttpclient not available....
2017-05-14 23:21:00.004  INFO 23960 --- [taskScheduler-4] c.g.c.s.lianjiadb.common.MyHttpClient    : set myhttpclient not available....
2017-05-14 23:22:00.004  INFO 23960 --- [taskScheduler-1] c.g.c.s.lianjiadb.common.MyHttpClient    : set myhttpclient not available....
2017-05-14 23:23:00.005  INFO 23960 --- [taskScheduler-3] c.g.c.s.lianjiadb.common.MyHttpClient    : set myhttpclient not available....
2017-05-14 23:24:00.007  INFO 23960 --- [taskScheduler-4] c.g.c.s.lianjiadb.common.MyHttpClient    : set myhttpclient not available....
2017-05-14 23:25:00.006  INFO 23960 --- [taskScheduler-2] c.g.c.s.lianjiadb.common.MyHttpClient    : set myhttpclient not available....
2017-05-14 23:26:00.005  INFO 23960 --- [taskScheduler-4] c.g.c.s.lianjiadb.common.MyHttpClient    : set myhttpclient not available....
2017-05-14 23:27:00.007  INFO 23960 --- [taskScheduler-3] c.g.c.s.lianjiadb.common.MyHttpClient    : set myhttpclient not available....
2017-05-14 23:28:00.631  INFO 23960 --- [taskScheduler-1] c.g.c.s.lianjiadb.common.MyHttpClient    : set myhttpclient available....
2017-05-14 23:28:00.631  INFO 23960 --- [taskScheduler-1] c.g.c.s.lianjiadb.common.MyHttpClient    : add available HttpProxyConfigs :{"host":"","id":1,"password":"","port":0,"status":1,"type":0,"username":""}
2017-05-14 23:29:00.000  INFO 23960 --- [taskScheduler-3] .g.c.s.l.t.GenAndExeDailyProcessTimeTask : 开始执行houseDetailFetching...
2017-05-14 23:29:00.000  INFO 23960 --- [taskScheduler-4] c.g.c.s.l.t.FetchHouseIndexTimeTask      : 开始执行houseUrlsFetching...
2017-05-14 23:30:00.002  INFO 23960 --- [taskScheduler-4] .g.c.s.l.t.GenAndExeDailyProcessTimeTask : 开始执行houseDetailFetching...
2017-05-14 23:30:00.002  INFO 23960 --- [taskScheduler-1] c.g.c.s.l.t.FetchHouseIndexTimeTask      : 开始执行houseUrlsFetching...
2017-05-14 23:30:04.914  INFO 23960 --- [taskScheduler-3] c.g.c.s.l.timetask.GenLogTimeTask        : 开始执行 GenLogTimeTask...
2017-05-14 23:30:05.208  INFO 23960 --- [taskScheduler-3] c.g.c.s.l.timetask.GenLogTimeTask        :  GenLogTimeTask finished................
2017-05-14 23:31:00.001  INFO 23960 --- [taskScheduler-1] c.g.c.s.l.t.FetchHouseIndexTimeTask      : 开始执行houseUrlsFetching...
2017-05-14 23:31:00.001  INFO 23960 --- [taskScheduler-2] .g.c.s.l.t.GenAndExeDailyProcessTimeTask : 开始执行houseDetailFetching...
