2017-05-16 00:54:30.247  WARN 23960 --- [Hikari housekeeper (pool HikariPool-0)] com.zaxxer.hikari.pool.HikariPool        : HikariPool-0 - Unusual system clock change detected, soft-evicting connections from pool.
2017-05-16 00:54:33.640  INFO 23960 --- [taskScheduler-3] .g.c.s.l.t.GenAndExeDailyProcessTimeTask : 开始执行houseDetailFetching...
2017-05-16 00:54:33.640  INFO 23960 --- [taskScheduler-1] c.g.c.s.l.t.FetchHouseIndexTimeTask      : 开始执行houseUrlsFetching...
2017-05-16 00:54:33.642  INFO 23960 --- [taskScheduler-2] c.g.c.s.l.timetask.GenLogTimeTask        : 开始执行 GenLogTimeTask...
2017-05-16 00:54:33.657  INFO 23960 --- [taskScheduler-2] c.g.c.s.l.timetask.GenLogTimeTask        :  GenLogTimeTask finished................
2017-05-16 00:55:00.001  INFO 23960 --- [taskScheduler-1] c.g.c.s.l.t.FetchHouseIndexTimeTask      : 开始执行houseUrlsFetching...
2017-05-16 00:55:00.002  INFO 23960 --- [taskScheduler-3] .g.c.s.l.t.GenAndExeDailyProcessTimeTask : 开始执行houseDetailFetching...
2017-05-16 00:55:00.785  INFO 23960 --- [taskScheduler-3] c.g.c.s.l.service.ProcessService         : house title is null {"cartcount":0,"code":"GZ0002245485","favcount":0,"roomSize":0,"url":"http://gz.lianjia.com/ershoufang/GZ0002245485.html"}
2017-05-16 00:56:00.001  INFO 23960 --- [taskScheduler-1] c.g.c.s.l.t.FetchHouseIndexTimeTask      : 开始执行houseUrlsFetching...
2017-05-16 00:56:00.001  INFO 23960 --- [taskScheduler-2] .g.c.s.l.t.GenAndExeDailyProcessTimeTask : 开始执行houseDetailFetching...
2017-05-16 00:57:00.000  INFO 23960 --- [taskScheduler-2] .g.c.s.l.t.GenAndExeDailyProcessTimeTask : 开始执行houseDetailFetching...
2017-05-16 00:57:00.002  INFO 23960 --- [taskScheduler-1] c.g.c.s.l.t.FetchHouseIndexTimeTask      : 开始执行houseUrlsFetching...
2017-05-16 00:58:00.002  INFO 23960 --- [taskScheduler-1] c.g.c.s.l.t.FetchHouseIndexTimeTask      : 开始执行houseUrlsFetching...
2017-05-16 00:58:00.002  INFO 23960 --- [taskScheduler-2] .g.c.s.l.t.GenAndExeDailyProcessTimeTask : 开始执行houseDetailFetching...
2017-05-16 00:59:00.000  INFO 23960 --- [taskScheduler-1] c.g.c.s.l.t.FetchHouseIndexTimeTask      : 开始执行houseUrlsFetching...
2017-05-16 00:59:00.001  INFO 23960 --- [taskScheduler-4] .g.c.s.l.t.GenAndExeDailyProcessTimeTask : 开始执行houseDetailFetching...
2017-05-16 01:00:00.000  INFO 23960 --- [taskScheduler-1] .g.c.s.l.t.GenAndExeDailyProcessTimeTask : 开始执行houseDetailFetching...
2017-05-16 01:00:00.000  INFO 23960 --- [taskScheduler-2] c.g.c.s.l.t.FetchHouseIndexTimeTask      : 开始执行houseUrlsFetching...
2017-05-16 01:00:11.110  INFO 23960 --- [taskScheduler-3] c.g.c.s.lianjiadb.common.MyHttpClient    : remove available HttpProxyConfigs :{"host":"","id":1,"password":"","port":0,"status":0,"type":0,"username":""}
2017-05-16 01:00:11.110  INFO 23960 --- [taskScheduler-3] c.g.c.s.lianjiadb.common.MyHttpClient    : set myhttpclient not available....
2017-05-16 01:00:11.613  INFO 23960 --- [taskScheduler-1] c.g.c.s.l.service.ProcessService         : house title is null {"cartcount":0,"code":"GZ0002233054","favcount":0,"roomSize":0,"url":"http://gz.lianjia.com/ershoufang/GZ0002233054.html"}
2017-05-16 01:01:02.928  INFO 23960 --- [taskScheduler-3] c.g.c.s.lianjiadb.common.MyHttpClient    : set myhttpclient available....
2017-05-16 01:01:02.928  INFO 23960 --- [taskScheduler-3] c.g.c.s.lianjiadb.common.MyHttpClient    : add available HttpProxyConfigs :{"host":"","id":1,"password":"","port":0,"status":1,"type":0,"username":""}
2017-05-16 01:02:00.001  INFO 23960 --- [taskScheduler-1] .g.c.s.l.t.GenAndExeDailyProcessTimeTask : 开始执行houseDetailFetching...
2017-05-16 01:02:00.001  INFO 23960 --- [taskScheduler-2] c.g.c.s.l.t.FetchHouseIndexTimeTask      : 开始执行houseUrlsFetching...
