2017-05-17 21:23:49.538  WARN 23960 --- [Hikari housekeeper (pool HikariPool-0)] com.zaxxer.hikari.pool.HikariPool        : HikariPool-0 - Unusual system clock change detected, soft-evicting connections from pool.
2017-05-17 21:24:03.292  INFO 23960 --- [taskScheduler-1] .g.c.s.l.t.GenAndExeDailyProcessTimeTask : 开始执行houseDetailFetching...
2017-05-17 21:24:03.295  INFO 23960 --- [taskScheduler-2] c.g.c.s.l.t.FetchHouseIndexTimeTask      : 开始执行houseUrlsFetching...
2017-05-17 21:24:03.296  INFO 23960 --- [taskScheduler-3] c.g.c.s.l.timetask.GenLogTimeTask        : 开始执行 GenLogTimeTask...
2017-05-17 21:24:03.314  INFO 23960 --- [taskScheduler-3] c.g.c.s.l.timetask.GenLogTimeTask        :  GenLogTimeTask finished................
2017-05-17 21:25:00.000  INFO 23960 --- [taskScheduler-2] c.g.c.s.l.t.FetchHouseIndexTimeTask      : 开始执行houseUrlsFetching...
2017-05-17 21:25:00.001  INFO 23960 --- [taskScheduler-2] .g.c.s.l.t.GenAndExeDailyProcessTimeTask : 开始执行houseDetailFetching...
2017-05-17 21:26:00.000  INFO 23960 --- [taskScheduler-4] c.g.c.s.l.t.FetchHouseIndexTimeTask      : 开始执行houseUrlsFetching...
2017-05-17 21:26:00.001  INFO 23960 --- [taskScheduler-3] .g.c.s.l.t.GenAndExeDailyProcessTimeTask : 开始执行houseDetailFetching...
2017-05-17 21:27:00.001  INFO 23960 --- [taskScheduler-4] c.g.c.s.l.t.FetchHouseIndexTimeTask      : 开始执行houseUrlsFetching...
2017-05-17 21:27:00.001  INFO 23960 --- [taskScheduler-2] .g.c.s.l.t.GenAndExeDailyProcessTimeTask : 开始执行houseDetailFetching...
2017-05-17 21:28:00.001  INFO 23960 --- [taskScheduler-3] .g.c.s.l.t.GenAndExeDailyProcessTimeTask : 开始执行houseDetailFetching...
2017-05-17 21:28:00.003  INFO 23960 --- [taskScheduler-4] c.g.c.s.l.t.FetchHouseIndexTimeTask      : 开始执行houseUrlsFetching...
2017-05-17 21:29:00.001  INFO 23960 --- [taskScheduler-4] c.g.c.s.l.t.FetchHouseIndexTimeTask      : 开始执行houseUrlsFetching...
2017-05-17 21:29:00.001  INFO 23960 --- [taskScheduler-2] .g.c.s.l.t.GenAndExeDailyProcessTimeTask : 开始执行houseDetailFetching...
2017-05-17 21:30:00.000  INFO 23960 --- [taskScheduler-4] c.g.c.s.l.t.FetchHouseIndexTimeTask      : 开始执行houseUrlsFetching...
2017-05-17 21:30:00.002  INFO 23960 --- [taskScheduler-1] .g.c.s.l.t.GenAndExeDailyProcessTimeTask : 开始执行houseDetailFetching...
2017-05-17 21:31:00.001  INFO 23960 --- [taskScheduler-1] .g.c.s.l.t.GenAndExeDailyProcessTimeTask : 开始执行houseDetailFetching...
2017-05-17 21:31:00.001  INFO 23960 --- [taskScheduler-3] c.g.c.s.l.t.FetchHouseIndexTimeTask      : 开始执行houseUrlsFetching...
2017-05-17 21:32:00.001  INFO 23960 --- [taskScheduler-3] c.g.c.s.l.t.FetchHouseIndexTimeTask      : 开始执行houseUrlsFetching...
2017-05-17 21:32:00.001  INFO 23960 --- [taskScheduler-4] .g.c.s.l.t.GenAndExeDailyProcessTimeTask : 开始执行houseDetailFetching...
2017-05-17 21:33:00.002  INFO 23960 --- [taskScheduler-2] .g.c.s.l.t.GenAndExeDailyProcessTimeTask : 开始执行houseDetailFetching...
2017-05-17 21:33:00.002  INFO 23960 --- [taskScheduler-3] c.g.c.s.l.t.FetchHouseIndexTimeTask      : 开始执行houseUrlsFetching...
2017-05-17 21:34:00.000  INFO 23960 --- [taskScheduler-3] c.g.c.s.l.t.FetchHouseIndexTimeTask      : 开始执行houseUrlsFetching...
2017-05-17 21:34:00.002  INFO 23960 --- [taskScheduler-1] .g.c.s.l.t.GenAndExeDailyProcessTimeTask : 开始执行houseDetailFetching...
2017-05-17 21:35:00.001  INFO 23960 --- [taskScheduler-3] .g.c.s.l.t.GenAndExeDailyProcessTimeTask : 开始执行houseDetailFetching...
2017-05-17 21:35:00.001  INFO 23960 --- [taskScheduler-2] c.g.c.s.l.t.FetchHouseIndexTimeTask      : 开始执行houseUrlsFetching...
2017-05-17 21:36:00.002  INFO 23960 --- [taskScheduler-1] c.g.c.s.l.t.FetchHouseIndexTimeTask      : 开始执行houseUrlsFetching...
2017-05-17 21:36:00.002  INFO 23960 --- [taskScheduler-2] .g.c.s.l.t.GenAndExeDailyProcessTimeTask : 开始执行houseDetailFetching...
2017-05-17 21:37:00.000  INFO 23960 --- [taskScheduler-1] c.g.c.s.l.t.FetchHouseIndexTimeTask      : 开始执行houseUrlsFetching...
2017-05-17 21:37:00.002  INFO 23960 --- [taskScheduler-4] .g.c.s.l.t.GenAndExeDailyProcessTimeTask : 开始执行houseDetailFetching...
2017-05-17 21:38:00.002  INFO 23960 --- [taskScheduler-2] .g.c.s.l.t.GenAndExeDailyProcessTimeTask : 开始执行houseDetailFetching...
2017-05-17 21:38:00.002  INFO 23960 --- [taskScheduler-1] c.g.c.s.l.t.FetchHouseIndexTimeTask      : 开始执行houseUrlsFetching...
2017-05-17 21:39:00.002  INFO 23960 --- [taskScheduler-2] .g.c.s.l.t.GenAndExeDailyProcessTimeTask : 开始执行houseDetailFetching...
2017-05-17 21:39:00.002  INFO 23960 --- [taskScheduler-1] c.g.c.s.l.t.FetchHouseIndexTimeTask      : 开始执行houseUrlsFetching...
2017-05-17 21:40:00.000  INFO 23960 --- [taskScheduler-4] .g.c.s.l.t.GenAndExeDailyProcessTimeTask : 开始执行houseDetailFetching...
2017-05-17 21:40:00.002  INFO 23960 --- [taskScheduler-3] c.g.c.s.l.t.FetchHouseIndexTimeTask      : 开始执行houseUrlsFetching...
2017-05-17 21:41:00.001  INFO 23960 --- [taskScheduler-1] c.g.c.s.l.t.FetchHouseIndexTimeTask      : 开始执行houseUrlsFetching...
2017-05-17 21:41:00.001  INFO 23960 --- [taskScheduler-3] .g.c.s.l.t.GenAndExeDailyProcessTimeTask : 开始执行houseDetailFetching...
2017-05-17 21:42:00.000  INFO 23960 --- [taskScheduler-3] .g.c.s.l.t.GenAndExeDailyProcessTimeTask : 开始执行houseDetailFetching...
2017-05-17 21:42:00.002  INFO 23960 --- [taskScheduler-4] c.g.c.s.l.t.FetchHouseIndexTimeTask      : 开始执行houseUrlsFetching...
2017-05-17 21:43:44.512  WARN 23960 --- [Hikari housekeeper (pool HikariPool-0)] com.zaxxer.hikari.pool.HikariPool        : HikariPool-0 - Unusual system clock change detected, soft-evicting connections from pool.
2017-05-17 21:44:08.456  INFO 23960 --- [taskScheduler-1] c.g.c.s.l.t.FetchHouseIndexTimeTask      : 开始执行houseUrlsFetching...
2017-05-17 21:44:08.456  INFO 23960 --- [taskScheduler-4] .g.c.s.l.t.GenAndExeDailyProcessTimeTask : 开始执行houseDetailFetching...
2017-05-17 21:45:00.000  INFO 23960 --- [taskScheduler-1] .g.c.s.l.t.GenAndExeDailyProcessTimeTask : 开始执行houseDetailFetching...
2017-05-17 21:45:00.001  INFO 23960 --- [taskScheduler-2] c.g.c.s.l.t.FetchHouseIndexTimeTask      : 开始执行houseUrlsFetching...
2017-05-17 21:46:00.002  INFO 23960 --- [taskScheduler-3] c.g.c.s.l.t.FetchHouseIndexTimeTask      : 开始执行houseUrlsFetching...
2017-05-17 21:46:00.002  INFO 23960 --- [taskScheduler-2] .g.c.s.l.t.GenAndExeDailyProcessTimeTask : 开始执行houseDetailFetching...
2017-05-17 21:47:00.002  INFO 23960 --- [taskScheduler-3] c.g.c.s.l.t.FetchHouseIndexTimeTask      : 开始执行houseUrlsFetching...
2017-05-17 21:47:00.002  INFO 23960 --- [taskScheduler-1] .g.c.s.l.t.GenAndExeDailyProcessTimeTask : 开始执行houseDetailFetching...
2017-05-17 21:48:00.000  INFO 23960 --- [taskScheduler-3] c.g.c.s.l.t.FetchHouseIndexTimeTask      : 开始执行houseUrlsFetching...
2017-05-17 21:48:00.000  INFO 23960 --- [taskScheduler-2] .g.c.s.l.t.GenAndExeDailyProcessTimeTask : 开始执行houseDetailFetching...
2017-05-17 21:49:00.001  INFO 23960 --- [taskScheduler-1] c.g.c.s.l.t.FetchHouseIndexTimeTask      : 开始执行houseUrlsFetching...
2017-05-17 21:49:00.001  INFO 23960 --- [taskScheduler-3] .g.c.s.l.t.GenAndExeDailyProcessTimeTask : 开始执行houseDetailFetching...
2017-05-17 21:50:00.000  INFO 23960 --- [taskScheduler-1] .g.c.s.l.t.GenAndExeDailyProcessTimeTask : 开始执行houseDetailFetching...
2017-05-17 21:50:00.002  INFO 23960 --- [taskScheduler-2] c.g.c.s.l.t.FetchHouseIndexTimeTask      : 开始执行houseUrlsFetching...
2017-05-17 21:51:00.000  INFO 23960 --- [taskScheduler-1] .g.c.s.l.t.GenAndExeDailyProcessTimeTask : 开始执行houseDetailFetching...
2017-05-17 21:51:00.002  INFO 23960 --- [taskScheduler-2] c.g.c.s.l.t.FetchHouseIndexTimeTask      : 开始执行houseUrlsFetching...
2017-05-17 21:52:00.002  INFO 23960 --- [taskScheduler-1] .g.c.s.l.t.GenAndExeDailyProcessTimeTask : 开始执行houseDetailFetching...
2017-05-17 21:52:00.002  INFO 23960 --- [taskScheduler-3] c.g.c.s.l.t.FetchHouseIndexTimeTask      : 开始执行houseUrlsFetching...
2017-05-17 21:53:00.002  INFO 23960 --- [taskScheduler-3] c.g.c.s.l.t.FetchHouseIndexTimeTask      : 开始执行houseUrlsFetching...
2017-05-17 21:53:00.002  INFO 23960 --- [taskScheduler-2] .g.c.s.l.t.GenAndExeDailyProcessTimeTask : 开始执行houseDetailFetching...
2017-05-17 21:54:00.000  INFO 23960 --- [taskScheduler-3] c.g.c.s.l.t.FetchHouseIndexTimeTask      : 开始执行houseUrlsFetching...
2017-05-17 21:54:00.002  INFO 23960 --- [taskScheduler-4] .g.c.s.l.t.GenAndExeDailyProcessTimeTask : 开始执行houseDetailFetching...
2017-05-17 21:55:00.002  INFO 23960 --- [taskScheduler-4] c.g.c.s.l.t.FetchHouseIndexTimeTask      : 开始执行houseUrlsFetching...
2017-05-17 21:55:00.002  INFO 23960 --- [taskScheduler-2] .g.c.s.l.t.GenAndExeDailyProcessTimeTask : 开始执行houseDetailFetching...
2017-05-17 21:56:00.002  INFO 23960 --- [taskScheduler-4] c.g.c.s.l.t.FetchHouseIndexTimeTask      : 开始执行houseUrlsFetching...
2017-05-17 21:56:00.002  INFO 23960 --- [taskScheduler-1] .g.c.s.l.t.GenAndExeDailyProcessTimeTask : 开始执行houseDetailFetching...
2017-05-17 21:57:00.001  INFO 23960 --- [taskScheduler-2] c.g.c.s.l.t.FetchHouseIndexTimeTask      : 开始执行houseUrlsFetching...
2017-05-17 21:57:00.001  INFO 23960 --- [taskScheduler-1] .g.c.s.l.t.GenAndExeDailyProcessTimeTask : 开始执行houseDetailFetching...
2017-05-17 21:58:00.000  INFO 23960 --- [taskScheduler-3] .g.c.s.l.t.GenAndExeDailyProcessTimeTask : 开始执行houseDetailFetching...
2017-05-17 21:58:00.000  INFO 23960 --- [taskScheduler-2] c.g.c.s.l.t.FetchHouseIndexTimeTask      : 开始执行houseUrlsFetching...
2017-05-17 21:59:00.000  INFO 23960 --- [taskScheduler-3] .g.c.s.l.t.GenAndExeDailyProcessTimeTask : 开始执行houseDetailFetching...
2017-05-17 21:59:00.002  INFO 23960 --- [taskScheduler-2] c.g.c.s.l.t.FetchHouseIndexTimeTask      : 开始执行houseUrlsFetching...
2017-05-17 22:00:00.001  INFO 23960 --- [taskScheduler-2] .g.c.s.l.t.GenAndExeDailyProcessTimeTask : 开始执行houseDetailFetching...
2017-05-17 22:00:00.001  INFO 23960 --- [taskScheduler-4] c.g.c.s.l.t.FetchHouseIndexTimeTask      : 开始执行houseUrlsFetching...
2017-05-17 22:01:00.000  INFO 23960 --- [taskScheduler-1] c.g.c.s.l.t.FetchHouseIndexTimeTask      : 开始执行houseUrlsFetching...
2017-05-17 22:01:00.000  INFO 23960 --- [taskScheduler-2] .g.c.s.l.t.GenAndExeDailyProcessTimeTask : 开始执行houseDetailFetching...
2017-05-17 22:02:00.002  INFO 23960 --- [taskScheduler-4] .g.c.s.l.t.GenAndExeDailyProcessTimeTask : 开始执行houseDetailFetching...
2017-05-17 22:02:00.002  INFO 23960 --- [taskScheduler-1] c.g.c.s.l.t.FetchHouseIndexTimeTask      : 开始执行houseUrlsFetching...
2017-05-17 22:03:00.001  INFO 23960 --- [taskScheduler-2] c.g.c.s.l.t.FetchHouseIndexTimeTask      : 开始执行houseUrlsFetching...
2017-05-17 22:03:00.001  INFO 23960 --- [taskScheduler-1] .g.c.s.l.t.GenAndExeDailyProcessTimeTask : 开始执行houseDetailFetching...
2017-05-17 22:04:00.002  INFO 23960 --- [taskScheduler-4] .g.c.s.l.t.GenAndExeDailyProcessTimeTask : 开始执行houseDetailFetching...
2017-05-17 22:04:00.002  INFO 23960 --- [taskScheduler-2] c.g.c.s.l.t.FetchHouseIndexTimeTask      : 开始执行houseUrlsFetching...
2017-05-17 22:05:00.001  INFO 23960 --- [taskScheduler-2] c.g.c.s.l.t.FetchHouseIndexTimeTask      : 开始执行houseUrlsFetching...
2017-05-17 22:05:00.001  INFO 23960 --- [taskScheduler-3] .g.c.s.l.t.GenAndExeDailyProcessTimeTask : 开始执行houseDetailFetching...
2017-05-17 22:06:00.001  INFO 23960 --- [taskScheduler-2] c.g.c.s.l.t.FetchHouseIndexTimeTask      : 开始执行houseUrlsFetching...
2017-05-17 22:06:00.001  INFO 23960 --- [taskScheduler-1] .g.c.s.l.t.GenAndExeDailyProcessTimeTask : 开始执行houseDetailFetching...
2017-05-17 22:07:00.002  INFO 23960 --- [taskScheduler-2] c.g.c.s.l.t.FetchHouseIndexTimeTask      : 开始执行houseUrlsFetching...
2017-05-17 22:07:00.002  INFO 23960 --- [taskScheduler-3] .g.c.s.l.t.GenAndExeDailyProcessTimeTask : 开始执行houseDetailFetching...
2017-05-17 22:08:00.001  INFO 23960 --- [taskScheduler-2] c.g.c.s.l.t.FetchHouseIndexTimeTask      : 开始执行houseUrlsFetching...
2017-05-17 22:08:00.001  INFO 23960 --- [taskScheduler-1] .g.c.s.l.t.GenAndExeDailyProcessTimeTask : 开始执行houseDetailFetching...
2017-05-17 22:09:00.002  INFO 23960 --- [taskScheduler-4] .g.c.s.l.t.GenAndExeDailyProcessTimeTask : 开始执行houseDetailFetching...
2017-05-17 22:09:00.002  INFO 23960 --- [taskScheduler-2] c.g.c.s.l.t.FetchHouseIndexTimeTask      : 开始执行houseUrlsFetching...
2017-05-17 22:10:00.001  INFO 23960 --- [taskScheduler-1] c.g.c.s.l.t.FetchHouseIndexTimeTask      : 开始执行houseUrlsFetching...
2017-05-17 22:10:00.001  INFO 23960 --- [taskScheduler-3] .g.c.s.l.t.GenAndExeDailyProcessTimeTask : 开始执行houseDetailFetching...
2017-05-17 22:11:00.002  INFO 23960 --- [taskScheduler-1] c.g.c.s.l.t.FetchHouseIndexTimeTask      : 开始执行houseUrlsFetching...
2017-05-17 22:11:00.002  INFO 23960 --- [taskScheduler-2] .g.c.s.l.t.GenAndExeDailyProcessTimeTask : 开始执行houseDetailFetching...
2017-05-17 22:12:00.002  INFO 23960 --- [taskScheduler-3] c.g.c.s.l.t.FetchHouseIndexTimeTask      : 开始执行houseUrlsFetching...
2017-05-17 22:12:00.002  INFO 23960 --- [taskScheduler-1] .g.c.s.l.t.GenAndExeDailyProcessTimeTask : 开始执行houseDetailFetching...
2017-05-17 22:13:00.001  INFO 23960 --- [taskScheduler-1] .g.c.s.l.t.GenAndExeDailyProcessTimeTask : 开始执行houseDetailFetching...
2017-05-17 22:13:00.001  INFO 23960 --- [taskScheduler-2] c.g.c.s.l.t.FetchHouseIndexTimeTask      : 开始执行houseUrlsFetching...
2017-05-17 22:14:00.002  INFO 23960 --- [taskScheduler-3] c.g.c.s.l.t.FetchHouseIndexTimeTask      : 开始执行houseUrlsFetching...
2017-05-17 22:14:00.002  INFO 23960 --- [taskScheduler-2] .g.c.s.l.t.GenAndExeDailyProcessTimeTask : 开始执行houseDetailFetching...
2017-05-17 22:15:00.001  INFO 23960 --- [taskScheduler-3] c.g.c.s.l.t.FetchHouseIndexTimeTask      : 开始执行houseUrlsFetching...
2017-05-17 22:15:00.001  INFO 23960 --- [taskScheduler-4] .g.c.s.l.t.GenAndExeDailyProcessTimeTask : 开始执行houseDetailFetching...
2017-05-17 22:16:00.002  INFO 23960 --- [taskScheduler-4] .g.c.s.l.t.GenAndExeDailyProcessTimeTask : 开始执行houseDetailFetching...
2017-05-17 22:16:00.002  INFO 23960 --- [taskScheduler-1] c.g.c.s.l.t.FetchHouseIndexTimeTask      : 开始执行houseUrlsFetching...
2017-05-17 22:17:00.002  INFO 23960 --- [taskScheduler-1] .g.c.s.l.t.GenAndExeDailyProcessTimeTask : 开始执行houseDetailFetching...
2017-05-17 22:17:00.002  INFO 23960 --- [taskScheduler-3] c.g.c.s.l.t.FetchHouseIndexTimeTask      : 开始执行houseUrlsFetching...
2017-05-17 22:18:00.000  INFO 23960 --- [taskScheduler-3] c.g.c.s.l.t.FetchHouseIndexTimeTask      : 开始执行houseUrlsFetching...
2017-05-17 22:18:00.000  INFO 23960 --- [taskScheduler-4] .g.c.s.l.t.GenAndExeDailyProcessTimeTask : 开始执行houseDetailFetching...
2017-05-17 22:19:00.001  INFO 23960 --- [taskScheduler-1] c.g.c.s.l.t.FetchHouseIndexTimeTask      : 开始执行houseUrlsFetching...
2017-05-17 22:19:00.001  INFO 23960 --- [taskScheduler-3] .g.c.s.l.t.GenAndExeDailyProcessTimeTask : 开始执行houseDetailFetching...
2017-05-17 22:20:00.000  INFO 23960 --- [taskScheduler-1] c.g.c.s.l.t.FetchHouseIndexTimeTask      : 开始执行houseUrlsFetching...
2017-05-17 22:20:00.002  INFO 23960 --- [taskScheduler-2] .g.c.s.l.t.GenAndExeDailyProcessTimeTask : 开始执行houseDetailFetching...
2017-05-17 22:21:00.001  INFO 23960 --- [taskScheduler-3] .g.c.s.l.t.GenAndExeDailyProcessTimeTask : 开始执行houseDetailFetching...
2017-05-17 22:21:00.002  INFO 23960 --- [taskScheduler-1] c.g.c.s.l.t.FetchHouseIndexTimeTask      : 开始执行houseUrlsFetching...
2017-05-17 22:22:00.001  INFO 23960 --- [taskScheduler-1] .g.c.s.l.t.GenAndExeDailyProcessTimeTask : 开始执行houseDetailFetching...
2017-05-17 22:22:00.001  INFO 23960 --- [taskScheduler-2] c.g.c.s.l.t.FetchHouseIndexTimeTask      : 开始执行houseUrlsFetching...
2017-05-17 22:23:00.001  INFO 23960 --- [taskScheduler-4] .g.c.s.l.t.GenAndExeDailyProcessTimeTask : 开始执行houseDetailFetching...
2017-05-17 22:23:00.003  INFO 23960 --- [taskScheduler-2] c.g.c.s.l.t.FetchHouseIndexTimeTask      : 开始执行houseUrlsFetching...
2017-05-17 22:24:00.000  INFO 23960 --- [taskScheduler-2] c.g.c.s.l.t.FetchHouseIndexTimeTask      : 开始执行houseUrlsFetching...
2017-05-17 22:24:00.002  INFO 23960 --- [taskScheduler-3] .g.c.s.l.t.GenAndExeDailyProcessTimeTask : 开始执行houseDetailFetching...
2017-05-17 22:25:00.001  INFO 23960 --- [taskScheduler-2] c.g.c.s.l.t.FetchHouseIndexTimeTask      : 开始执行houseUrlsFetching...
2017-05-17 22:25:00.001  INFO 23960 --- [taskScheduler-4] .g.c.s.l.t.GenAndExeDailyProcessTimeTask : 开始执行houseDetailFetching...
2017-05-17 22:26:00.001  INFO 23960 --- [taskScheduler-3] c.g.c.s.l.t.FetchHouseIndexTimeTask      : 开始执行houseUrlsFetching...
2017-05-17 22:26:00.001  INFO 23960 --- [taskScheduler-2] .g.c.s.l.t.GenAndExeDailyProcessTimeTask : 开始执行houseDetailFetching...
2017-05-17 23:17:24.057  INFO 23960 --- [taskScheduler-3] c.g.c.s.l.t.FetchHouseIndexTimeTask      : 开始执行houseUrlsFetching...
2017-05-17 23:17:24.057  INFO 23960 --- [taskScheduler-4] .g.c.s.l.t.GenAndExeDailyProcessTimeTask : 开始执行houseDetailFetching...
2017-05-17 23:17:24.180  WARN 23960 --- [Hikari housekeeper (pool HikariPool-0)] com.zaxxer.hikari.pool.HikariPool        : HikariPool-0 - Unusual system clock change detected, soft-evicting connections from pool.
2017-05-17 23:18:00.002  INFO 23960 --- [taskScheduler-3] c.g.c.s.l.t.FetchHouseIndexTimeTask      : 开始执行houseUrlsFetching...
2017-05-17 23:18:00.002  INFO 23960 --- [taskScheduler-2] .g.c.s.l.t.GenAndExeDailyProcessTimeTask : 开始执行houseDetailFetching...
2017-05-17 23:19:00.001  INFO 23960 --- [taskScheduler-3] c.g.c.s.l.t.FetchHouseIndexTimeTask      : 开始执行houseUrlsFetching...
2017-05-17 23:19:00.001  INFO 23960 --- [taskScheduler-1] .g.c.s.l.t.GenAndExeDailyProcessTimeTask : 开始执行houseDetailFetching...
2017-05-17 23:20:00.001  INFO 23960 --- [taskScheduler-1] .g.c.s.l.t.GenAndExeDailyProcessTimeTask : 开始执行houseDetailFetching...
2017-05-17 23:20:00.001  INFO 23960 --- [taskScheduler-2] c.g.c.s.l.t.FetchHouseIndexTimeTask      : 开始执行houseUrlsFetching...
2017-05-17 23:21:00.002  INFO 23960 --- [taskScheduler-1] .g.c.s.l.t.GenAndExeDailyProcessTimeTask : 开始执行houseDetailFetching...
2017-05-17 23:21:00.002  INFO 23960 --- [taskScheduler-4] c.g.c.s.l.t.FetchHouseIndexTimeTask      : 开始执行houseUrlsFetching...
2017-05-17 23:22:00.001  INFO 23960 --- [taskScheduler-2] c.g.c.s.l.t.FetchHouseIndexTimeTask      : 开始执行houseUrlsFetching...
2017-05-17 23:22:00.001  INFO 23960 --- [taskScheduler-1] .g.c.s.l.t.GenAndExeDailyProcessTimeTask : 开始执行houseDetailFetching...
2017-05-17 23:23:00.002  INFO 23960 --- [taskScheduler-1] .g.c.s.l.t.GenAndExeDailyProcessTimeTask : 开始执行houseDetailFetching...
2017-05-17 23:23:00.002  INFO 23960 --- [taskScheduler-4] c.g.c.s.l.t.FetchHouseIndexTimeTask      : 开始执行houseUrlsFetching...
2017-05-17 23:24:00.001  INFO 23960 --- [taskScheduler-1] .g.c.s.l.t.GenAndExeDailyProcessTimeTask : 开始执行houseDetailFetching...
2017-05-17 23:24:00.001  INFO 23960 --- [taskScheduler-2] c.g.c.s.l.t.FetchHouseIndexTimeTask      : 开始执行houseUrlsFetching...
2017-05-17 23:25:00.001  INFO 23960 --- [taskScheduler-4] .g.c.s.l.t.GenAndExeDailyProcessTimeTask : 开始执行houseDetailFetching...
2017-05-17 23:25:00.001  INFO 23960 --- [taskScheduler-1] c.g.c.s.l.t.FetchHouseIndexTimeTask      : 开始执行houseUrlsFetching...
2017-05-17 23:26:00.002  INFO 23960 --- [taskScheduler-2] c.g.c.s.l.t.FetchHouseIndexTimeTask      : 开始执行houseUrlsFetching...
2017-05-17 23:26:00.002  INFO 23960 --- [taskScheduler-1] .g.c.s.l.t.GenAndExeDailyProcessTimeTask : 开始执行houseDetailFetching...
2017-05-17 23:27:00.000  INFO 23960 --- [taskScheduler-1] .g.c.s.l.t.GenAndExeDailyProcessTimeTask : 开始执行houseDetailFetching...
2017-05-17 23:27:00.002  INFO 23960 --- [taskScheduler-4] c.g.c.s.l.t.FetchHouseIndexTimeTask      : 开始执行houseUrlsFetching...
2017-05-17 23:28:00.002  INFO 23960 --- [taskScheduler-2] c.g.c.s.l.t.FetchHouseIndexTimeTask      : 开始执行houseUrlsFetching...
2017-05-17 23:28:00.002  INFO 23960 --- [taskScheduler-4] .g.c.s.l.t.GenAndExeDailyProcessTimeTask : 开始执行houseDetailFetching...
2017-05-17 23:29:00.000  INFO 23960 --- [taskScheduler-2] c.g.c.s.l.t.FetchHouseIndexTimeTask      : 开始执行houseUrlsFetching...
2017-05-17 23:29:00.000  INFO 23960 --- [taskScheduler-1] .g.c.s.l.t.GenAndExeDailyProcessTimeTask : 开始执行houseDetailFetching...
2017-05-17 23:29:53.993  INFO 23960 --- [taskScheduler-3] c.g.c.s.l.timetask.GenLogTimeTask        : 开始执行 GenLogTimeTask...
2017-05-17 23:29:53.996  INFO 23960 --- [taskScheduler-3] c.g.c.s.l.timetask.GenLogTimeTask        :  GenLogTimeTask finished................
2017-05-17 23:30:00.000  INFO 23960 --- [taskScheduler-4] .g.c.s.l.t.GenAndExeDailyProcessTimeTask : 开始执行houseDetailFetching...
2017-05-17 23:30:00.001  INFO 23960 --- [taskScheduler-3] c.g.c.s.l.t.FetchHouseIndexTimeTask      : 开始执行houseUrlsFetching...
2017-05-17 23:31:00.002  INFO 23960 --- [taskScheduler-1] c.g.c.s.l.t.FetchHouseIndexTimeTask      : 开始执行houseUrlsFetching...
2017-05-17 23:31:00.002  INFO 23960 --- [taskScheduler-3] .g.c.s.l.t.GenAndExeDailyProcessTimeTask : 开始执行houseDetailFetching...
2017-05-17 23:32:00.001  INFO 23960 --- [taskScheduler-1] c.g.c.s.l.t.FetchHouseIndexTimeTask      : 开始执行houseUrlsFetching...
2017-05-17 23:32:00.001  INFO 23960 --- [taskScheduler-4] .g.c.s.l.t.GenAndExeDailyProcessTimeTask : 开始执行houseDetailFetching...
2017-05-17 23:33:00.001  INFO 23960 --- [taskScheduler-3] .g.c.s.l.t.GenAndExeDailyProcessTimeTask : 开始执行houseDetailFetching...
2017-05-17 23:33:00.003  INFO 23960 --- [taskScheduler-1] c.g.c.s.l.t.FetchHouseIndexTimeTask      : 开始执行houseUrlsFetching...
