2017-05-19 10:52:24.510  INFO 23960 --- [taskScheduler-4] .g.c.s.l.t.GenAndExeDailyProcessTimeTask : 开始执行houseDetailFetching...
2017-05-19 10:52:24.510  INFO 23960 --- [taskScheduler-3] c.g.c.s.l.timetask.GenLogTimeTask        : 开始执行 GenLogTimeTask...
2017-05-19 10:52:24.510  INFO 23960 --- [taskScheduler-1] c.g.c.s.l.t.FetchHouseIndexTimeTask      : 开始执行houseUrlsFetching...
2017-05-19 10:52:24.515  WARN 23960 --- [Hikari housekeeper (pool HikariPool-0)] com.zaxxer.hikari.pool.HikariPool        : HikariPool-0 - Unusual system clock change detected, soft-evicting connections from pool.
2017-05-19 10:52:24.557  INFO 23960 --- [taskScheduler-3] c.g.c.s.l.timetask.GenLogTimeTask        :  GenLogTimeTask finished................
2017-05-19 10:53:00.001  INFO 23960 --- [taskScheduler-1] c.g.c.s.l.t.FetchHouseIndexTimeTask      : 开始执行houseUrlsFetching...
2017-05-19 10:53:00.001  INFO 23960 --- [taskScheduler-2] .g.c.s.l.t.GenAndExeDailyProcessTimeTask : 开始执行houseDetailFetching...
2017-05-19 10:54:00.000  INFO 23960 --- [taskScheduler-2] .g.c.s.l.t.GenAndExeDailyProcessTimeTask : 开始执行houseDetailFetching...
2017-05-19 10:54:00.001  INFO 23960 --- [taskScheduler-1] c.g.c.s.l.t.FetchHouseIndexTimeTask      : 开始执行houseUrlsFetching...
2017-05-19 10:55:00.001  INFO 23960 --- [taskScheduler-1] .g.c.s.l.t.GenAndExeDailyProcessTimeTask : 开始执行houseDetailFetching...
2017-05-19 10:55:00.001  INFO 23960 --- [taskScheduler-2] c.g.c.s.l.t.FetchHouseIndexTimeTask      : 开始执行houseUrlsFetching...
2017-05-19 10:56:00.002  INFO 23960 --- [taskScheduler-4] c.g.c.s.l.t.FetchHouseIndexTimeTask      : 开始执行houseUrlsFetching...
2017-05-19 10:56:00.002  INFO 23960 --- [taskScheduler-2] .g.c.s.l.t.GenAndExeDailyProcessTimeTask : 开始执行houseDetailFetching...
2017-05-19 10:57:00.001  INFO 23960 --- [taskScheduler-4] c.g.c.s.l.t.FetchHouseIndexTimeTask      : 开始执行houseUrlsFetching...
2017-05-19 10:57:00.001  INFO 23960 --- [taskScheduler-1] .g.c.s.l.t.GenAndExeDailyProcessTimeTask : 开始执行houseDetailFetching...
2017-05-19 10:58:00.001  INFO 23960 --- [taskScheduler-1] .g.c.s.l.t.GenAndExeDailyProcessTimeTask : 开始执行houseDetailFetching...
2017-05-19 10:58:00.001  INFO 23960 --- [taskScheduler-4] c.g.c.s.l.t.FetchHouseIndexTimeTask      : 开始执行houseUrlsFetching...
2017-05-19 10:59:00.001  INFO 23960 --- [taskScheduler-1] .g.c.s.l.t.GenAndExeDailyProcessTimeTask : 开始执行houseDetailFetching...
2017-05-19 10:59:00.001  INFO 23960 --- [taskScheduler-3] c.g.c.s.l.t.FetchHouseIndexTimeTask      : 开始执行houseUrlsFetching...
2017-05-19 11:00:00.000  INFO 23960 --- [taskScheduler-1] .g.c.s.l.t.GenAndExeDailyProcessTimeTask : 开始执行houseDetailFetching...
2017-05-19 11:00:00.002  INFO 23960 --- [taskScheduler-2] c.g.c.s.l.t.FetchHouseIndexTimeTask      : 开始执行houseUrlsFetching...
2017-05-19 11:01:00.000  INFO 23960 --- [taskScheduler-3] .g.c.s.l.t.GenAndExeDailyProcessTimeTask : 开始执行houseDetailFetching...
2017-05-19 11:01:00.002  INFO 23960 --- [taskScheduler-2] c.g.c.s.l.t.FetchHouseIndexTimeTask      : 开始执行houseUrlsFetching...
2017-05-19 11:02:00.001  INFO 23960 --- [taskScheduler-1] .g.c.s.l.t.GenAndExeDailyProcessTimeTask : 开始执行houseDetailFetching...
2017-05-19 11:02:00.001  INFO 23960 --- [taskScheduler-2] c.g.c.s.l.t.FetchHouseIndexTimeTask      : 开始执行houseUrlsFetching...
2017-05-19 11:03:00.001  INFO 23960 --- [taskScheduler-2] c.g.c.s.l.t.FetchHouseIndexTimeTask      : 开始执行houseUrlsFetching...
2017-05-19 11:03:00.001  INFO 23960 --- [taskScheduler-4] .g.c.s.l.t.GenAndExeDailyProcessTimeTask : 开始执行houseDetailFetching...
2017-05-19 11:04:00.000  INFO 23960 --- [taskScheduler-4] .g.c.s.l.t.GenAndExeDailyProcessTimeTask : 开始执行houseDetailFetching...
2017-05-19 11:04:00.000  INFO 23960 --- [taskScheduler-1] c.g.c.s.l.t.FetchHouseIndexTimeTask      : 开始执行houseUrlsFetching...
2017-05-19 11:05:00.002  INFO 23960 --- [taskScheduler-2] .g.c.s.l.t.GenAndExeDailyProcessTimeTask : 开始执行houseDetailFetching...
2017-05-19 11:05:00.002  INFO 23960 --- [taskScheduler-1] c.g.c.s.l.t.FetchHouseIndexTimeTask      : 开始执行houseUrlsFetching...
2017-05-19 11:06:00.002  INFO 23960 --- [taskScheduler-4] c.g.c.s.l.t.FetchHouseIndexTimeTask      : 开始执行houseUrlsFetching...
2017-05-19 11:06:00.002  INFO 23960 --- [taskScheduler-2] .g.c.s.l.t.GenAndExeDailyProcessTimeTask : 开始执行houseDetailFetching...
2017-05-19 11:07:00.000  INFO 23960 --- [taskScheduler-2] .g.c.s.l.t.GenAndExeDailyProcessTimeTask : 开始执行houseDetailFetching...
2017-05-19 11:07:00.002  INFO 23960 --- [taskScheduler-1] c.g.c.s.l.t.FetchHouseIndexTimeTask      : 开始执行houseUrlsFetching...
2017-05-19 11:08:00.001  INFO 23960 --- [taskScheduler-4] .g.c.s.l.t.GenAndExeDailyProcessTimeTask : 开始执行houseDetailFetching...
2017-05-19 11:08:00.001  INFO 23960 --- [taskScheduler-1] c.g.c.s.l.t.FetchHouseIndexTimeTask      : 开始执行houseUrlsFetching...
2017-05-19 11:09:00.001  INFO 23960 --- [taskScheduler-1] .g.c.s.l.t.GenAndExeDailyProcessTimeTask : 开始执行houseDetailFetching...
2017-05-19 11:09:00.001  INFO 23960 --- [taskScheduler-2] c.g.c.s.l.t.FetchHouseIndexTimeTask      : 开始执行houseUrlsFetching...
2017-05-19 11:10:00.000  INFO 23960 --- [taskScheduler-4] .g.c.s.l.t.GenAndExeDailyProcessTimeTask : 开始执行houseDetailFetching...
2017-05-19 11:10:00.002  INFO 23960 --- [taskScheduler-1] c.g.c.s.l.t.FetchHouseIndexTimeTask      : 开始执行houseUrlsFetching...
2017-05-19 11:11:00.000  INFO 23960 --- [taskScheduler-1] c.g.c.s.l.t.FetchHouseIndexTimeTask      : 开始执行houseUrlsFetching...
2017-05-19 11:11:00.002  INFO 23960 --- [taskScheduler-2] .g.c.s.l.t.GenAndExeDailyProcessTimeTask : 开始执行houseDetailFetching...
2017-05-19 11:12:00.001  INFO 23960 --- [taskScheduler-3] c.g.c.s.l.t.FetchHouseIndexTimeTask      : 开始执行houseUrlsFetching...
2017-05-19 11:12:00.002  INFO 23960 --- [taskScheduler-1] .g.c.s.l.t.GenAndExeDailyProcessTimeTask : 开始执行houseDetailFetching...
2017-05-19 11:13:00.001  INFO 23960 --- [taskScheduler-3] c.g.c.s.l.t.FetchHouseIndexTimeTask      : 开始执行houseUrlsFetching...
2017-05-19 11:13:00.001  INFO 23960 --- [taskScheduler-2] .g.c.s.l.t.GenAndExeDailyProcessTimeTask : 开始执行houseDetailFetching...
2017-05-19 11:14:00.001  INFO 23960 --- [taskScheduler-3] c.g.c.s.l.t.FetchHouseIndexTimeTask      : 开始执行houseUrlsFetching...
2017-05-19 11:14:00.001  INFO 23960 --- [taskScheduler-1] .g.c.s.l.t.GenAndExeDailyProcessTimeTask : 开始执行houseDetailFetching...
2017-05-19 11:15:00.001  INFO 23960 --- [taskScheduler-3] c.g.c.s.l.t.FetchHouseIndexTimeTask      : 开始执行houseUrlsFetching...
2017-05-19 11:15:00.001  INFO 23960 --- [taskScheduler-4] .g.c.s.l.t.GenAndExeDailyProcessTimeTask : 开始执行houseDetailFetching...
2017-05-19 11:16:00.000  INFO 23960 --- [taskScheduler-3] c.g.c.s.l.t.FetchHouseIndexTimeTask      : 开始执行houseUrlsFetching...
2017-05-19 11:16:00.002  INFO 23960 --- [taskScheduler-2] .g.c.s.l.t.GenAndExeDailyProcessTimeTask : 开始执行houseDetailFetching...
2017-05-19 11:17:00.002  INFO 23960 --- [taskScheduler-4] c.g.c.s.l.t.FetchHouseIndexTimeTask      : 开始执行houseUrlsFetching...
2017-05-19 11:17:00.002  INFO 23960 --- [taskScheduler-2] .g.c.s.l.t.GenAndExeDailyProcessTimeTask : 开始执行houseDetailFetching...
2017-05-19 11:18:00.002  INFO 23960 --- [taskScheduler-4] c.g.c.s.l.t.FetchHouseIndexTimeTask      : 开始执行houseUrlsFetching...
2017-05-19 11:18:00.002  INFO 23960 --- [taskScheduler-3] .g.c.s.l.t.GenAndExeDailyProcessTimeTask : 开始执行houseDetailFetching...
2017-05-19 11:19:00.000  INFO 23960 --- [taskScheduler-4] c.g.c.s.l.t.FetchHouseIndexTimeTask      : 开始执行houseUrlsFetching...
2017-05-19 11:19:00.001  INFO 23960 --- [taskScheduler-2] .g.c.s.l.t.GenAndExeDailyProcessTimeTask : 开始执行houseDetailFetching...
2017-05-19 11:20:00.001  INFO 23960 --- [taskScheduler-1] c.g.c.s.l.t.FetchHouseIndexTimeTask      : 开始执行houseUrlsFetching...
2017-05-19 11:20:00.001  INFO 23960 --- [taskScheduler-4] .g.c.s.l.t.GenAndExeDailyProcessTimeTask : 开始执行houseDetailFetching...
2017-05-19 11:21:00.000  INFO 23960 --- [taskScheduler-4] .g.c.s.l.t.GenAndExeDailyProcessTimeTask : 开始执行houseDetailFetching...
2017-05-19 11:21:00.002  INFO 23960 --- [taskScheduler-1] c.g.c.s.l.t.FetchHouseIndexTimeTask      : 开始执行houseUrlsFetching...
2017-05-19 11:22:00.001  INFO 23960 --- [taskScheduler-3] c.g.c.s.l.t.FetchHouseIndexTimeTask      : 开始执行houseUrlsFetching...
2017-05-19 11:22:00.001  INFO 23960 --- [taskScheduler-1] .g.c.s.l.t.GenAndExeDailyProcessTimeTask : 开始执行houseDetailFetching...
2017-05-19 11:23:00.000  INFO 23960 --- [taskScheduler-4] c.g.c.s.l.t.FetchHouseIndexTimeTask      : 开始执行houseUrlsFetching...
2017-05-19 11:23:00.000  INFO 23960 --- [taskScheduler-1] .g.c.s.l.t.GenAndExeDailyProcessTimeTask : 开始执行houseDetailFetching...
2017-05-19 11:24:00.001  INFO 23960 --- [taskScheduler-1] .g.c.s.l.t.GenAndExeDailyProcessTimeTask : 开始执行houseDetailFetching...
2017-05-19 11:24:00.002  INFO 23960 --- [taskScheduler-4] c.g.c.s.l.t.FetchHouseIndexTimeTask      : 开始执行houseUrlsFetching...
2017-05-19 11:25:00.002  INFO 23960 --- [taskScheduler-1] .g.c.s.l.t.GenAndExeDailyProcessTimeTask : 开始执行houseDetailFetching...
2017-05-19 11:25:00.002  INFO 23960 --- [taskScheduler-2] c.g.c.s.l.t.FetchHouseIndexTimeTask      : 开始执行houseUrlsFetching...
2017-05-19 11:26:00.001  INFO 23960 --- [taskScheduler-4] c.g.c.s.l.t.FetchHouseIndexTimeTask      : 开始执行houseUrlsFetching...
2017-05-19 11:26:00.003  INFO 23960 --- [taskScheduler-1] .g.c.s.l.t.GenAndExeDailyProcessTimeTask : 开始执行houseDetailFetching...
2017-05-19 11:27:00.002  INFO 23960 --- [taskScheduler-4] c.g.c.s.l.t.FetchHouseIndexTimeTask      : 开始执行houseUrlsFetching...
2017-05-19 11:27:00.002  INFO 23960 --- [taskScheduler-2] .g.c.s.l.t.GenAndExeDailyProcessTimeTask : 开始执行houseDetailFetching...
2017-05-19 11:28:00.000  INFO 23960 --- [taskScheduler-4] c.g.c.s.l.t.FetchHouseIndexTimeTask      : 开始执行houseUrlsFetching...
2017-05-19 11:28:00.002  INFO 23960 --- [taskScheduler-3] .g.c.s.l.t.GenAndExeDailyProcessTimeTask : 开始执行houseDetailFetching...
2017-05-19 11:29:00.002  INFO 23960 --- [taskScheduler-4] c.g.c.s.l.t.FetchHouseIndexTimeTask      : 开始执行houseUrlsFetching...
2017-05-19 11:29:00.002  INFO 23960 --- [taskScheduler-1] .g.c.s.l.t.GenAndExeDailyProcessTimeTask : 开始执行houseDetailFetching...
2017-05-19 11:30:00.001  INFO 23960 --- [taskScheduler-4] c.g.c.s.l.t.FetchHouseIndexTimeTask      : 开始执行houseUrlsFetching...
2017-05-19 11:30:00.001  INFO 23960 --- [taskScheduler-2] .g.c.s.l.t.GenAndExeDailyProcessTimeTask : 开始执行houseDetailFetching...
2017-05-19 11:31:00.002  INFO 23960 --- [taskScheduler-4] .g.c.s.l.t.GenAndExeDailyProcessTimeTask : 开始执行houseDetailFetching...
2017-05-19 11:31:00.002  INFO 23960 --- [taskScheduler-1] c.g.c.s.l.t.FetchHouseIndexTimeTask      : 开始执行houseUrlsFetching...
2017-05-19 11:32:00.002  INFO 23960 --- [taskScheduler-1] c.g.c.s.l.t.FetchHouseIndexTimeTask      : 开始执行houseUrlsFetching...
2017-05-19 11:32:00.002  INFO 23960 --- [taskScheduler-2] .g.c.s.l.t.GenAndExeDailyProcessTimeTask : 开始执行houseDetailFetching...
2017-05-19 11:56:18.123  WARN 23960 --- [Hikari housekeeper (pool HikariPool-0)] com.zaxxer.hikari.pool.HikariPool        : HikariPool-0 - Unusual system clock change detected, soft-evicting connections from pool.
2017-05-19 11:56:23.988  INFO 23960 --- [taskScheduler-4] c.g.c.s.l.t.FetchHouseIndexTimeTask      : 开始执行houseUrlsFetching...
2017-05-19 11:56:23.988  INFO 23960 --- [taskScheduler-2] .g.c.s.l.t.GenAndExeDailyProcessTimeTask : 开始执行houseDetailFetching...
2017-05-19 11:57:00.017  INFO 23960 --- [taskScheduler-4] c.g.c.s.l.t.FetchHouseIndexTimeTask      : 开始执行houseUrlsFetching...
2017-05-19 11:57:00.017  INFO 23960 --- [taskScheduler-3] .g.c.s.l.t.GenAndExeDailyProcessTimeTask : 开始执行houseDetailFetching...
2017-05-19 11:58:00.001  INFO 23960 --- [taskScheduler-4] c.g.c.s.l.t.FetchHouseIndexTimeTask      : 开始执行houseUrlsFetching...
2017-05-19 11:58:00.001  INFO 23960 --- [taskScheduler-3] .g.c.s.l.t.GenAndExeDailyProcessTimeTask : 开始执行houseDetailFetching...
2017-05-19 11:59:00.010  INFO 23960 --- [taskScheduler-3] .g.c.s.l.t.GenAndExeDailyProcessTimeTask : 开始执行houseDetailFetching...
2017-05-19 11:59:00.010  INFO 23960 --- [taskScheduler-2] c.g.c.s.l.t.FetchHouseIndexTimeTask      : 开始执行houseUrlsFetching...
2017-05-19 12:00:00.008  INFO 23960 --- [taskScheduler-3] .g.c.s.l.t.GenAndExeDailyProcessTimeTask : 开始执行houseDetailFetching...
2017-05-19 12:00:00.008  INFO 23960 --- [taskScheduler-1] c.g.c.s.l.t.FetchHouseIndexTimeTask      : 开始执行houseUrlsFetching...
2017-05-19 12:01:00.013  INFO 23960 --- [taskScheduler-1] c.g.c.s.l.t.FetchHouseIndexTimeTask      : 开始执行houseUrlsFetching...
2017-05-19 12:01:00.013  INFO 23960 --- [taskScheduler-3] .g.c.s.l.t.GenAndExeDailyProcessTimeTask : 开始执行houseDetailFetching...
2017-05-19 12:02:00.012  INFO 23960 --- [taskScheduler-1] c.g.c.s.l.t.FetchHouseIndexTimeTask      : 开始执行houseUrlsFetching...
2017-05-19 12:02:00.012  INFO 23960 --- [taskScheduler-4] .g.c.s.l.t.GenAndExeDailyProcessTimeTask : 开始执行houseDetailFetching...
2017-05-19 12:03:00.014  INFO 23960 --- [taskScheduler-1] c.g.c.s.l.t.FetchHouseIndexTimeTask      : 开始执行houseUrlsFetching...
2017-05-19 12:03:00.014  INFO 23960 --- [taskScheduler-4] .g.c.s.l.t.GenAndExeDailyProcessTimeTask : 开始执行houseDetailFetching...
