2017-05-10 11:46:03.111 ERROR 6624 --- [main] o.s.boot.SpringApplication               : Application startup failed

java.lang.NullPointerException: null
	at java.util.regex.Pattern.<init>(Pattern.java:1350)
	at java.util.regex.Pattern.compile(Pattern.java:1028)
	at java.util.regex.Pattern.matches(Pattern.java:1133)
	at java.lang.String.matches(String.java:2121)
	at springfox.documentation.builders.PathSelectors$1.apply(PathSelectors.java:59)
	at springfox.documentation.builders.PathSelectors$1.apply(PathSelectors.java:56)
	at com.google.common.base.Predicates$AndPredicate.apply(Predicates.java:359)
	at com.google.common.collect.Iterators.indexOf(Iterators.java:773)
	at com.google.common.collect.Iterators.any(Iterators.java:679)
	at com.google.common.collect.Iterables.any(Iterables.java:623)
	at springfox.documentation.spring.web.plugins.ApiSelectorBuilder$1.apply(ApiSelectorBuilder.java:61)
	at springfox.documentation.spring.web.plugins.ApiSelectorBuilder$1.apply(ApiSelectorBuilder.java:58)
	at com.google.common.base.Predicates$AndPredicate.apply(Predicates.java:359)
	at com.google.common.collect.Iterators$7.computeNext(Iterators.java:647)
	at com.google.common.collect.AbstractIterator.tryToComputeNext(AbstractIterator.java:143)
	at com.google.common.collect.AbstractIterator.hasNext(AbstractIterator.java:138)
	at springfox.documentation.spring.web.scanners.ApiListingReferenceScanner.scan(ApiListingReferenceScanner.java:61)
	at springfox.documentation.spring.web.scanners.ApiDocumentationScanner.scan(ApiDocumentationScanner.java:57)
	at springfox.documentation.spring.web.plugins.DocumentationPluginsBootstrapper.scanDocumentation(DocumentationPluginsBootstrapper.java:101)
	at springfox.documentation.spring.web.plugins.DocumentationPluginsBootstrapper.onApplicationEvent(DocumentationPluginsBootstrapper.java:87)
	at springfox.documentation.spring.web.plugins.DocumentationPluginsBootstrapper.onApplicationEvent(DocumentationPluginsBootstrapper.java:50)
	at org.springframework.context.event.SimpleApplicationEventMulticaster.invokeListener(SimpleApplicationEventMulticaster.java:163)
	at org.springframework.context.event.SimpleApplicationEventMulticaster.multicastEvent(SimpleApplicationEventMulticaster.java:136)
	at org.springframework.context.support.AbstractApplicationContext.publishEvent(AbstractApplicationContext.java:381)
	at org.springframework.context.support.AbstractApplicationContext.publishEvent(AbstractApplicationContext.java:335)
	at org.springframework.context.support.AbstractApplicationContext.finishRefresh(AbstractApplicationContext.java:855)
	at org.springframework.boot.context.embedded.EmbeddedWebApplicationContext.finishRefresh(EmbeddedWebApplicationContext.java:140)
	at org.springframework.context.support.AbstractApplicationContext.refresh(AbstractApplicationContext.java:541)
	at org.springframework.boot.context.embedded.EmbeddedWebApplicationContext.refresh(EmbeddedWebApplicationContext.java:118)
	at org.springframework.boot.SpringApplication.refresh(SpringApplication.java:766)
	at org.springframework.boot.SpringApplication.createAndRefreshContext(SpringApplication.java:361)
	at org.springframework.boot.SpringApplication.run(SpringApplication.java:307)
	at org.springframework.boot.SpringApplication.run(SpringApplication.java:1191)
	at org.springframework.boot.SpringApplication.run(SpringApplication.java:1180)
	at com.github.coolcool.sloth.lianjiadb.Application.main(Application.java:27)

